2025-05-06 09:28:41 - Items JSON for order ORD-6819BA29AE081: [{"item_id":2,"quantity":2,"price":"14.00","item_name":"Crispy Chicken Burger","photo":"uploads\/67f7403a6e20b.jpg"}]
2025-05-06 09:28:41 - Decoded orderItems for order ORD-6819BA29AE081: [{"item_id":2,"quantity":2,"price":"14.00","item_name":"Crispy Chicken Burger","photo":"uploads\/67f7403a6e20b.jpg"}]
2025-05-06 18:52:37 - Items JSON for order ORD-681A3E557D780: [{"item_id":2,"quantity":1,"price":"14.00","item_name":"Crispy Chicken Burger","photo":"uploads\/67f7403a6e20b.jpg"}]
2025-05-06 18:52:37 - Decoded orderItems for order ORD-681A3E557D780: [{"item_id":2,"quantity":1,"price":"14.00","item_name":"Crispy Chicken Burger","photo":"uploads\/67f7403a6e20b.jpg"}]
2025-05-09 17:05:18 - Items JSON for order ORD-681E19AEB5D65: [{"item_id":2,"quantity":1,"price":"14.00","item_name":"Crispy Chicken Burger","photo":"uploads\/67f7403a6e20b.jpg"},{"item_id":1,"quantity":1,"price":"12.00","item_name":"Classic Onion Burger","photo":"uploads\/67f53fc11969d.jpg"}]
2025-05-09 17:05:18 - Decoded orderItems for order ORD-681E19AEB5D65: [{"item_id":2,"quantity":1,"price":"14.00","item_name":"Crispy Chicken Burger","photo":"uploads\/67f7403a6e20b.jpg"},{"item_id":1,"quantity":1,"price":"12.00","item_name":"Classic Onion Burger","photo":"uploads\/67f53fc11969d.jpg"}]
2025-05-09 17:34:16 - Items JSON for order ORD-681E207877F98: [{"item_id":2,"quantity":1,"price":"14.00","item_name":"Crispy Chicken Burger","photo":"uploads\/67f7403a6e20b.jpg"},{"item_id":1,"quantity":1,"price":"12.00","item_name":"Classic Onion Burger","photo":"uploads\/67f53fc11969d.jpg"}]
2025-05-09 17:34:16 - Decoded orderItems for order ORD-681E207877F98: [{"item_id":2,"quantity":1,"price":"14.00","item_name":"Crispy Chicken Burger","photo":"uploads\/67f7403a6e20b.jpg"},{"item_id":1,"quantity":1,"price":"12.00","item_name":"Classic Onion Burger","photo":"uploads\/67f53fc11969d.jpg"}]
2025-05-14 16:36:23 - Displaying confirmation for order: ORD-6824AA6774AB7, Customer ID: 1
2025-05-14 16:36:23 - Order items: [{"item_id":3,"quantity":1,"price":"15.00","item_name":"Charcoal-grilled burger","photo":"uploads\/67f7498decaa2.jpg"}]
2025-05-14 16:48:04 - Displaying confirmation for order: ORD-6824AA6774AB7, Customer ID: 1
2025-05-14 16:48:04 - Order items: [{"item_id":3,"quantity":1,"price":"15.00","item_name":"Charcoal-grilled burger","photo":"uploads\/67f7498decaa2.jpg"}]
2025-05-15 04:50:44 - Displaying confirmation for order: ORD-682556844CF28, Customer ID: 1
2025-05-15 04:50:44 - Order items: [{"item_id":3,"quantity":1,"price":"15.00","item_name":"Charcoal-grilled burger","photo":"uploads\/67f7498decaa2.jpg"},{"item_id":1,"quantity":1,"price":"12.00","item_name":"Classic Onion Burger","photo":"uploads\/67f53fc11969d.jpg"}]
2025-05-16 15:42:19 - Displaying confirmation for order: ORD-682740BB28138, Customer ID: 1
2025-05-16 15:42:19 - Order items: [{"item_id":3,"quantity":1,"price":"15.00","item_name":"Charcoal-grilled burger","photo":"uploads\/67f7498decaa2.jpg"},{"item_id":1,"quantity":1,"price":"12.00","item_name":"Classic Onion Burger","photo":"uploads\/67f53fc11969d.jpg"}]
2025-05-17 13:48:25 - Displaying confirmation for order: , Customer ID: 1
2025-05-17 13:48:25 - Order items: []
2025-05-17 13:56:59 - Displaying confirmation for order: ORD-6828798B96011, Customer ID: 1
2025-05-17 13:56:59 - Order items: [{"item_id":1,"quantity":1,"price":"12.00","item_name":"Classic Onion Burger","photo":"uploads\/67f53fc11969d.jpg"}]
2025-05-17 14:00:20 - Displaying confirmation for order: ORD-6828798B96011, Customer ID: 1
2025-05-17 14:00:20 - Order items: [{"item_id":1,"quantity":1,"price":"12.00","item_name":"Classic Onion Burger","photo":"uploads\/67f53fc11969d.jpg"}]
2025-05-17 14:00:20 - Delivery address: {"street_address":"Angkasa Nuri","city":"Kuala Lumpur","postal_code":"50450"}
2025-05-17 14:05:48 - Displaying confirmation for order: ORD-6828798B96011, Customer ID: 1
2025-05-17 14:05:48 - Order items: [{"item_id":1,"quantity":1,"price":"12.00","item_name":"Classic Onion Burger","photo":"uploads\/67f53fc11969d.jpg"}]
2025-05-17 14:05:48 - Delivery address: {"street_address":"Angkasa Nuri","city":"Kuala Lumpur","postal_code":"50450"}
2025-05-17 14:05:48 - Customer email: andrew@gmail.com
2025-05-17 14:05:48 - Downloaded invoice for order: ORD-6828798B96011
2025-05-17 14:12:02 - Displaying confirmation for order: ORD-6828798B96011, Customer ID: 1
2025-05-17 14:12:02 - Order items count: 1
2025-05-17 14:12:02 - Delivery address: {"street_address":"Angkasa Nuri","city":"Kuala Lumpur","postal_code":"50450"}
2025-05-17 14:12:02 - Customer email: andrew@gmail.com
2025-05-17 14:12:02 - Downloaded invoice for order: ORD-6828798B96011
2025-05-17 14:12:02 - PDF generation failed for order: ORD-6828798B96011. Error: "JavaScript error"
2025-05-17 14:17:00 - Displaying confirmation for order: ORD-6828798B96011, Customer ID: 1
2025-05-17 14:17:00 - Order items count: 1
2025-05-17 14:17:00 - Order items: [{"item_id":1,"quantity":1,"price":"12.00","item_name":"Classic Onion Burger","photo":"uploads\/67f53fc11969d.jpg"}]
2025-05-17 14:17:00 - Delivery address: {"street_address":"Angkasa Nuri","city":"Kuala Lumpur","postal_code":"50450"}
2025-05-17 14:17:00 - Customer email: andrew@gmail.com
2025-05-17 14:17:00 - Downloaded invoice for order: ORD-6828798B96011
2025-05-17 14:17:00 - PDF generation failed for order: ORD-6828798B96011. Error: "JavaScript error: "
2025-05-17 14:20:10 - PHPMailer not found at ../../vendor/autoload.php or ../../vendor/PHPMailer/src/PHPMailer.php
2025-05-17 14:20:10 - Displaying confirmation for order: ORD-6828798B96011, Customer ID: 1
2025-05-17 14:20:10 - Order items count: 1
2025-05-17 14:20:10 - Order items: [{"item_id":1,"quantity":1,"price":"12.00","item_name":"Classic Onion Burger","photo":"uploads\/67f53fc11969d.jpg"}]
2025-05-17 14:20:10 - Delivery address: {"street_address":"Angkasa Nuri","city":"Kuala Lumpur","postal_code":"50450"}
2025-05-17 14:20:10 - Customer email: andrew@gmail.com
2025-05-17 14:20:10 - Downloaded invoice for order: ORD-6828798B96011
2025-05-17 14:20:10 - PDF generation failed for order: ORD-6828798B96011. Error: "JavaScript error: "
2025-05-17 14:20:16 - PHPMailer not found at ../../vendor/autoload.php or ../../vendor/PHPMailer/src/PHPMailer.php
2025-05-17 14:20:16 - Displaying confirmation for order: ORD-6828798B96011, Customer ID: 1
2025-05-17 14:20:16 - Order items count: 1
2025-05-17 14:20:16 - Order items: [{"item_id":1,"quantity":1,"price":"12.00","item_name":"Classic Onion Burger","photo":"uploads\/67f53fc11969d.jpg"}]
2025-05-17 14:20:16 - Delivery address: {"street_address":"Angkasa Nuri","city":"Kuala Lumpur","postal_code":"50450"}
2025-05-17 14:20:16 - Customer email: andrew@gmail.com
2025-05-17 14:20:16 - Downloaded invoice for order: ORD-6828798B96011
2025-05-17 14:20:16 - PDF generation failed for order: ORD-6828798B96011. Error: "JavaScript error: "
2025-05-17 14:32:28 - Displaying confirmation for order: ORD-6828798B96011, Customer ID: 1
2025-05-17 14:32:28 - Order items count: 1
2025-05-17 14:32:28 - Order items: [{"item_id":1,"quantity":1,"price":"12.00","item_name":"Classic Onion Burger","photo":"uploads\/67f53fc11969d.jpg"}]
2025-05-17 14:32:28 - Delivery address: {"street_address":"Angkasa Nuri","city":"Kuala Lumpur","postal_code":"50450"}
2025-05-17 14:32:28 - Customer email: andrew@gmail.com
2025-05-17 14:32:28 - Downloaded invoice for order: ORD-6828798B96011
2025-05-17 14:32:28 - PDF generation failed for order: ORD-6828798B96011. Error: "JavaScript error: "
2025-05-17 14:32:49 - PHPMailer not found at ../../vendor/autoload.php or ../../vendor/PHPMailer/src/PHPMailer.php
2025-05-17 14:32:49 - Displaying confirmation for order: ORD-6828798B96011, Customer ID: 1
2025-05-17 14:32:49 - Order items count: 1
2025-05-17 14:32:49 - Order items: [{"item_id":1,"quantity":1,"price":"12.00","item_name":"Classic Onion Burger","photo":"uploads\/67f53fc11969d.jpg"}]
2025-05-17 14:32:49 - Delivery address: {"street_address":"Angkasa Nuri","city":"Kuala Lumpur","postal_code":"50450"}
2025-05-17 14:32:49 - Customer email: andrew@gmail.com
2025-05-17 14:32:49 - Downloaded invoice for order: ORD-6828798B96011
2025-05-17 14:32:49 - PDF generation failed for order: ORD-6828798B96011. Error: "JavaScript error: "
2025-05-17 14:36:32 - Displaying confirmation for order: ORD-6828798B96011, Customer ID: 1
2025-05-17 14:36:32 - Order items count: 1
2025-05-17 14:36:32 - Order items: [{"item_id":1,"quantity":1,"price":"12.00","item_name":"Classic Onion Burger","photo":"uploads\/67f53fc11969d.jpg"}]
2025-05-17 14:36:32 - Delivery address: {"street_address":"Angkasa Nuri","city":"Kuala Lumpur","postal_code":"50450"}
2025-05-17 14:36:32 - Customer email: andrew@gmail.com
2025-05-17 14:36:32 - Downloaded invoice for order: ORD-6828798B96011
2025-05-17 14:36:32 - PDF generation failed for order: ORD-6828798B96011. Error: "JavaScript error: "
2025-05-17 14:37:53 - Displaying confirmation for order: ORD-6828798B96011, Customer ID: 1
2025-05-17 14:37:53 - Order items count: 1
2025-05-17 14:37:53 - Order items: [{"item_id":1,"quantity":1,"price":"12.00","item_name":"Classic Onion Burger","photo":"uploads\/67f53fc11969d.jpg"}]
2025-05-17 14:37:53 - Delivery address: {"street_address":"Angkasa Nuri","city":"Kuala Lumpur","postal_code":"50450"}
2025-05-17 14:37:53 - Customer email: andrew@gmail.com
2025-05-17 14:37:53 - Downloaded invoice for order: ORD-6828798B96011
2025-05-17 14:37:53 - PDF generation failed for order: ORD-6828798B96011. Error: "JavaScript error: "
2025-05-17 14:41:54 - Displaying confirmation for order: ORD-6828798B96011, Customer ID: 1
2025-05-17 14:41:54 - Order items count: 1
2025-05-17 14:41:54 - Order items: [{"item_id":1,"quantity":1,"price":"12.00","item_name":"Classic Onion Burger","photo":"uploads\/67f53fc11969d.jpg"}]
2025-05-17 14:41:54 - Delivery address: {"street_address":"Angkasa Nuri","city":"Kuala Lumpur","postal_code":"50450"}
2025-05-17 14:41:54 - Customer email: andrew@gmail.com
2025-05-17 14:41:54 - Downloaded invoice for order: ORD-6828798B96011
2025-05-17 14:41:54 - PDF generation failed for order: ORD-6828798B96011. Error: "JavaScript error: "
2025-05-17 14:41:55 - Displaying confirmation for order: ORD-6828798B96011, Customer ID: 1
2025-05-17 14:41:55 - Order items count: 1
2025-05-17 14:41:55 - Order items: [{"item_id":1,"quantity":1,"price":"12.00","item_name":"Classic Onion Burger","photo":"uploads\/67f53fc11969d.jpg"}]
2025-05-17 14:41:55 - Delivery address: {"street_address":"Angkasa Nuri","city":"Kuala Lumpur","postal_code":"50450"}
2025-05-17 14:41:55 - Customer email: andrew@gmail.com
2025-05-17 14:41:55 - Downloaded invoice for order: ORD-6828798B96011
2025-05-17 14:41:55 - PDF generation failed for order: ORD-6828798B96011. Error: "JavaScript error: "
2025-05-17 14:41:56 - Displaying confirmation for order: ORD-6828798B96011, Customer ID: 1
2025-05-17 14:41:56 - Order items count: 1
2025-05-17 14:41:56 - Order items: [{"item_id":1,"quantity":1,"price":"12.00","item_name":"Classic Onion Burger","photo":"uploads\/67f53fc11969d.jpg"}]
2025-05-17 14:41:56 - Delivery address: {"street_address":"Angkasa Nuri","city":"Kuala Lumpur","postal_code":"50450"}
2025-05-17 14:41:56 - Customer email: andrew@gmail.com
2025-05-17 14:41:56 - Downloaded invoice for order: ORD-6828798B96011
2025-05-17 14:41:56 - PDF generation failed for order: ORD-6828798B96011. Error: "JavaScript error: "
2025-05-17 14:41:56 - Displaying confirmation for order: ORD-6828798B96011, Customer ID: 1
2025-05-17 14:41:56 - Order items count: 1
2025-05-17 14:41:56 - Order items: [{"item_id":1,"quantity":1,"price":"12.00","item_name":"Classic Onion Burger","photo":"uploads\/67f53fc11969d.jpg"}]
2025-05-17 14:41:56 - Delivery address: {"street_address":"Angkasa Nuri","city":"Kuala Lumpur","postal_code":"50450"}
2025-05-17 14:41:56 - Customer email: andrew@gmail.com
2025-05-17 14:41:56 - Downloaded invoice for order: ORD-6828798B96011
2025-05-17 14:41:56 - PDF generation failed for order: ORD-6828798B96011. Error: "JavaScript error: "
2025-05-17 14:41:59 - Displaying confirmation for order: ORD-6828798B96011, Customer ID: 1
2025-05-17 14:41:59 - Order items count: 1
2025-05-17 14:41:59 - Order items: [{"item_id":1,"quantity":1,"price":"12.00","item_name":"Classic Onion Burger","photo":"uploads\/67f53fc11969d.jpg"}]
2025-05-17 14:41:59 - Delivery address: {"street_address":"Angkasa Nuri","city":"Kuala Lumpur","postal_code":"50450"}
2025-05-17 14:41:59 - Customer email: andrew@gmail.com
2025-05-17 14:41:59 - Downloaded invoice for order: ORD-6828798B96011
2025-05-17 14:41:59 - PDF generation failed for order: ORD-6828798B96011. Error: "JavaScript error: "
2025-05-17 14:42:01 - Displaying confirmation for order: ORD-6828798B96011, Customer ID: 1
2025-05-17 14:42:01 - Order items count: 1
2025-05-17 14:42:01 - Order items: [{"item_id":1,"quantity":1,"price":"12.00","item_name":"Classic Onion Burger","photo":"uploads\/67f53fc11969d.jpg"}]
2025-05-17 14:42:01 - Delivery address: {"street_address":"Angkasa Nuri","city":"Kuala Lumpur","postal_code":"50450"}
2025-05-17 14:42:01 - Customer email: andrew@gmail.com
2025-05-17 14:42:01 - Downloaded invoice for order: ORD-6828798B96011
2025-05-17 14:42:01 - PDF generation failed for order: ORD-6828798B96011. Error: "JavaScript error: "
Autoload file not found at: ../../vendor/autoload.phpAutoload file not found at: ../../vendor/autoload.phpAutoload file not found at: ../../vendor/autoload.phpAutoload file not found at: ../../vendor/autoload.phpAutoload file not found at: ../../vendor/autoload.phpAutoload file not found at: ../../vendor/autoload.phpAutoload file not found at: ../../vendor/autoload.phpAutoload file not found at: ../../vendor/autoload.phpAutoload file not found at: ../../vendor/autoload.phpAutoload file not found at: ../../vendor/autoload.phpAutoload file not found at: ../../vendor/autoload.phpAutoload file not found at: ../../vendor/autoload.php2025-05-17 15:14:24 - Displaying confirmation for order: ORD-68288BB09FC83, Customer ID: 1
2025-05-17 15:14:24 - Order items count: 1
2025-05-17 15:14:24 - Order items: [{"item_id":3,"quantity":1,"price":"15.00","item_name":"Charcoal-grilled burger","photo":"uploads\/67f7498decaa2.jpg"}]
2025-05-17 15:14:24 - Delivery address: 
2025-05-17 15:14:24 - Customer email: andrew@gmail.com
2025-05-17 15:14:24 - Downloaded invoice for order: ORD-68288BB09FC83
2025-05-17 15:14:24 - PDF generation failed for order: ORD-68288BB09FC83. Error: "JavaScript error: "
2025-05-17 15:15:14 - Displaying confirmation for order: ORD-68288BB09FC83, Customer ID: 1
2025-05-17 15:15:14 - Order items count: 1
2025-05-17 15:15:14 - Order items: [{"item_id":3,"quantity":1,"price":"15.00","item_name":"Charcoal-grilled burger","photo":"uploads\/67f7498decaa2.jpg"}]
2025-05-17 15:15:14 - Delivery address: 
2025-05-17 15:15:14 - Customer email: andrew@gmail.com
2025-05-17 15:15:14 - Downloaded invoice for order: ORD-68288BB09FC83
2025-05-17 15:15:14 - PDF generation failed for order: ORD-68288BB09FC83. Error: "JavaScript error: "
2025-05-17 15:16:12 - Displaying confirmation for order: ORD-68288BB09FC83, Customer ID: 1
2025-05-17 15:16:12 - Order items count: 1
2025-05-17 15:16:12 - Order items: [{"item_id":3,"quantity":1,"price":"15.00","item_name":"Charcoal-grilled burger","photo":"uploads\/67f7498decaa2.jpg"}]
2025-05-17 15:16:12 - Delivery address: 
2025-05-17 15:16:12 - Customer email: andrew@gmail.com
2025-05-17 15:16:12 - Downloaded invoice for order: ORD-68288BB09FC83
2025-05-17 15:16:12 - PDF generation failed for order: ORD-68288BB09FC83. Error: "JavaScript error: "
2025-05-17 15:16:55 - Displaying confirmation for order: ORD-68288BB09FC83, Customer ID: 1
2025-05-17 15:16:55 - Order items count: 1
2025-05-17 15:16:55 - Delivery address: 
2025-05-17 15:16:55 - Customer email: andrew@gmail.com
2025-05-17 15:16:55 - Downloaded invoice for order: ORD-68288BB09FC83
2025-05-17 15:16:55 - PDF generation failed for order: ORD-68288BB09FC83. Error: "JavaScript error"
2025-05-17 15:17:04 - PHPMailer not found at ../../vendor/autoload.php or ../../vendor/PHPMailer/src/PHPMailer.php
2025-05-17 15:17:04 - Displaying confirmation for order: ORD-68288BB09FC83, Customer ID: 1
2025-05-17 15:17:04 - Order items count: 1
2025-05-17 15:17:04 - Delivery address: 
2025-05-17 15:17:04 - Customer email: andrew@gmail.com
2025-05-17 15:17:04 - Downloaded invoice for order: ORD-68288BB09FC83
2025-05-17 15:17:04 - PDF generation failed for order: ORD-68288BB09FC83. Error: "JavaScript error"
2025-05-17 15:31:55 - Displaying confirmation for order: ORD-68288BB09FC83, Customer ID: 1
2025-05-17 15:31:55 - Order items count: 1
2025-05-17 15:31:55 - Delivery address: null
2025-05-17 15:31:55 - Customer email: andrew@gmail.com
2025-05-17 15:31:55 - Downloaded invoice for order: ORD-68288BB09FC83
2025-05-17 15:31:55 - PDF generation failed for order: ORD-68288BB09FC83. Error: "JavaScript error"
Autoload file not found at: ../../vendor/autoload.phpAutoload file not found at: ../../vendor/autoload.php2025-05-17 15:37:29 - Displaying confirmation for order: ORD-68288BB09FC83, Customer ID: 1
2025-05-17 15:37:29 - Order items count: 1
2025-05-17 15:37:29 - Order items: [{"item_id":3,"quantity":1,"price":"15.00","item_name":"Charcoal-grilled burger","photo":"uploads\/67f7498decaa2.jpg"}]
2025-05-17 15:37:29 - Delivery address: null
2025-05-17 15:37:29 - Customer email: andrew@gmail.com
2025-05-17 15:37:29 - Downloaded invoice for order: ORD-68288BB09FC83
Autoload file not found at: ../../vendor/autoload.phpAutoload file not found at: ../../vendor/autoload.phpAutoload file not found at: ../../vendor/autoload.phpAutoload file not found at: ../../vendor/autoload.php2025-05-18 04:47:14 - Displaying confirmation for order: ORD-68288BB09FC83, Customer ID: 1
2025-05-18 04:47:14 - Order items count: 1
2025-05-18 04:47:14 - Order items: [{"item_id":3,"quantity":1,"price":"15.00","item_name":"Charcoal-grilled burger","photo":"uploads\/67f7498decaa2.jpg"}]
2025-05-18 04:47:14 - Delivery address: null
2025-05-18 04:47:14 - Customer email: andrew@gmail.com
2025-05-18 04:47:16 - Displaying confirmation for order: ORD-68288BB09FC83, Customer ID: 1
2025-05-18 04:47:16 - Order items count: 1
2025-05-18 04:47:16 - Order items: [{"item_id":3,"quantity":1,"price":"15.00","item_name":"Charcoal-grilled burger","photo":"uploads\/67f7498decaa2.jpg"}]
2025-05-18 04:47:16 - Delivery address: null
2025-05-18 04:47:16 - Customer email: andrew@gmail.com
2025-05-18 04:47:22 - Downloaded invoice for order: ORD-68288BB09FC83
2025-05-18 04:52:50 - Displaying confirmation for order: ORD-68288BB09FC83, Customer ID: 1
2025-05-18 04:52:50 - Order items count: 1
2025-05-18 04:52:50 - Order items: [{"item_id":3,"quantity":1,"price":"15.00","item_name":"Charcoal-grilled burger","photo":"uploads\/67f7498decaa2.jpg"}]
2025-05-18 04:52:50 - Delivery method: pickup
2025-05-18 04:52:50 - Delivery address: null
2025-05-18 04:52:50 - Customer email: andrew@gmail.com
2025-05-18 04:52:51 - Displaying confirmation for order: ORD-68288BB09FC83, Customer ID: 1
2025-05-18 04:52:51 - Order items count: 1
2025-05-18 04:52:51 - Order items: [{"item_id":3,"quantity":1,"price":"15.00","item_name":"Charcoal-grilled burger","photo":"uploads\/67f7498decaa2.jpg"}]
2025-05-18 04:52:51 - Delivery method: pickup
2025-05-18 04:52:51 - Delivery address: null
2025-05-18 04:52:51 - Customer email: andrew@gmail.com
2025-05-18 04:52:53 - Session delivery_method: pickup, delivery_address: null
2025-05-18 04:52:53 - Order items for ORD-68288BB09FC83: [{"item_id":3,"quantity":1,"price":"15.00","item_name":"Charcoal-grilled burger","photo":"uploads\/67f7498decaa2.jpg"}]
2025-05-18 04:53:06 - Invoice email failed for order: ORD-68288BB09FC83 - SMTP Error: Could not authenticate.
2025-05-18 04:53:19 - No order_id provided for feedback by customer_id: 1
2025-05-18 04:59:30 - No order_id provided for feedback by customer_id: 1
2025-05-18 04:59:54 - Memory limit: 256M
2025-05-18 05:02:22 - Memory limit: 256M
2025-05-18 05:02:22 - Displaying confirmation for order: ORD-68294D2AA806D, Customer ID: 1
2025-05-18 05:02:22 - Order items count: 1
2025-05-18 05:02:22 - Order items: [{"item_id":3,"quantity":2,"price":"15.00","item_name":"Charcoal-grilled burger","photo":"uploads\/67f7498decaa2.jpg"}]
2025-05-18 05:02:22 - Delivery method: delivery
2025-05-18 05:02:22 - Delivery address: {"street_address":"Angkasa Nuri","city":"Kuala Lumpur","postal_code":"50450"}
2025-05-18 05:02:22 - Customer email: andrew@gmail.com
2025-05-18 05:02:24 - Memory limit: 256M
2025-05-18 05:02:24 - Displaying confirmation for order: ORD-68294D2AA806D, Customer ID: 1
2025-05-18 05:02:24 - Order items count: 1
2025-05-18 05:02:24 - Order items: [{"item_id":3,"quantity":2,"price":"15.00","item_name":"Charcoal-grilled burger","photo":"uploads\/67f7498decaa2.jpg"}]
2025-05-18 05:02:24 - Delivery method: delivery
2025-05-18 05:02:24 - Delivery address: {"street_address":"Angkasa Nuri","city":"Kuala Lumpur","postal_code":"50450"}
2025-05-18 05:02:24 - Customer email: andrew@gmail.com
2025-05-18 05:02:24 - Downloaded invoice for order: ORD-68294D2AA806D
2025-05-18 05:02:30 - Memory limit: 256M
2025-05-18 05:02:30 - Session delivery_method: delivery, delivery_address: {"street_address":"Angkasa Nuri","city":"Kuala Lumpur","postal_code":"50450"}
2025-05-18 05:02:30 - Order items for ORD-68294D2AA806D: [{"item_id":3,"quantity":2,"price":"15.00","item_name":"Charcoal-grilled burger","photo":"uploads\/67f7498decaa2.jpg"}]
2025-05-18 05:02:32 - Invoice email failed for order: ORD-68294D2AA806D - SMTP Error: Could not authenticate.
2025-05-18 05:02:41 - No order_id provided for feedback by customer_id: 1
2025-05-18 05:03:17 - Memory limit: 256M
2025-05-18 05:03:17 - Session delivery_method: delivery, delivery_address: {"street_address":"Angkasa Nuri","city":"Kuala Lumpur","postal_code":"50450"}
2025-05-18 05:03:17 - Order items for ORD-68294D2AA806D: [{"item_id":3,"quantity":2,"price":"15.00","item_name":"Charcoal-grilled burger","photo":"uploads\/67f7498decaa2.jpg"}]
2025-05-18 05:03:19 - Invoice email failed for order: ORD-68294D2AA806D - SMTP Error: Could not authenticate.
2025-05-18 05:24:46 - Customer ID from session: 1
2025-05-18 05:24:46 - Fetched 0 completed orders for customer_id: 1
2025-05-18 05:24:46 - Query returned no completed orders. Checking orders table...
2025-05-18 05:24:46 - All orders for customer_id 1: [{"order_id":"ORD-6813323CD29F6","customer_id":1,"status":"pending"},{"order_id":"ORD-68133254354AA","customer_id":1,"status":"pending"},{"order_id":"ORD-6813356FBBE63","customer_id":1,"status":"pending"},{"order_id":"ORD-68137C1B55D30","customer_id":1,"status":"pending"},{"order_id":"ORD-68138ABD5446F","customer_id":1,"status":"pending"},{"order_id":"ORD-68138AD4CA01F","customer_id":1,"status":"pending"},{"order_id":"ORD-68138C7671BF0","customer_id":1,"status":"pending"},{"order_id":"ORD-68138E81A8D62","customer_id":1,"status":"pending"},{"order_id":"ORD-68139018ED9AD","customer_id":1,"status":"pending"},{"order_id":"ORD-681394207E80E","customer_id":1,"status":"pending"},{"order_id":"ORD-68139ECFB5170","customer_id":1,"status":"pending"},{"order_id":"ORD-6819BA29AE081","customer_id":1,"status":"pending"},{"order_id":"ORD-681A3E557D780","customer_id":1,"status":"pending"},{"order_id":"ORD-681E19AEB5D65","customer_id":1,"status":"pending"},{"order_id":"ORD-681E1D1EB39F6","customer_id":1,"status":"pending"},{"order_id":"ORD-681E1D4624976","customer_id":1,"status":"pending"},{"order_id":"ORD-681E1D9632F13","customer_id":1,"status":"pending"},{"order_id":"ORD-681E1E9C3146D","customer_id":1,"status":"pending"},{"order_id":"ORD-681E207877F98","customer_id":1,"status":"pending"},{"order_id":"ORD-6824AA6774AB7","customer_id":1,"status":"pending"},{"order_id":"ORD-682556844CF28","customer_id":1,"status":"pending"},{"order_id":"ORD-682740BB28138","customer_id":1,"status":"pending"},{"order_id":"ORD-682869E20B9FD","customer_id":1,"status":"pending"},{"order_id":"ORD-68286A56DE783","customer_id":1,"status":"pending"},{"order_id":"ORD-6828798B96011","customer_id":1,"status":"pending"},{"order_id":"ORD-68288BB09FC83","customer_id":1,"status":"pending"},{"order_id":"ORD-68294D2AA806D","customer_id":1,"status":"pending"}]
2025-05-18 05:24:46 - Fetched 0 feedback entries for customer_id: 1
2025-05-18 05:26:04 - Customer ID from session: 1
2025-05-18 05:26:04 - Fetched 2 completed orders for customer_id: 1
2025-05-18 05:26:04 - Fetched 0 feedback entries for customer_id: 1
2025-05-18 05:26:39 - Memory limit: 256M
2025-05-18 05:26:39 - Displaying confirmation for order: ORD-68294D2AA806D, Customer ID: 1
2025-05-18 05:26:39 - Order items count: 1
2025-05-18 05:26:39 - Order items: [{"item_id":3,"quantity":2,"price":"15.00","item_name":"Charcoal-grilled burger","photo":"uploads\/67f7498decaa2.jpg"}]
2025-05-18 05:26:39 - Delivery method: delivery
2025-05-18 05:26:39 - Delivery address: {"street_address":"Angkasa Nuri","city":"Kuala Lumpur","postal_code":"50450"}
2025-05-18 05:26:39 - Customer email: andrew@gmail.com
2025-05-18 05:26:54 - Memory limit: 256M
2025-05-18 05:26:54 - Displaying confirmation for order: ORD-6829537E041BE, Customer ID: 1
2025-05-18 05:26:54 - Order items count: 1
2025-05-18 05:26:54 - Order items: [{"item_id":3,"quantity":1,"price":"15.00","item_name":"Charcoal-grilled burger","photo":"uploads\/67f7498decaa2.jpg"}]
2025-05-18 05:26:54 - Delivery method: pickup
2025-05-18 05:26:54 - Delivery address: null
2025-05-18 05:26:54 - Customer email: andrew@gmail.com
2025-05-18 05:27:01 - Customer ID from session: 1
2025-05-18 05:27:01 - Fetched 2 completed orders for customer_id: 1
2025-05-18 05:27:01 - Fetched 0 feedback entries for customer_id: 1
2025-05-18 16:17:06 - No customer_id in session
2025-05-18 16:17:18 - Customer ID from session: 1
2025-05-18 16:17:18 - Fetched 2 completed orders for customer_id: 1
2025-05-18 16:17:18 - Fetched 0 feedback entries for customer_id: 1
2025-05-18 16:20:05 - Customer ID from session: 1
2025-05-18 16:20:05 - Fetched 2 completed orders for customer_id: 1
2025-05-18 16:20:08 - Customer ID from session: 1
2025-05-18 16:20:08 - Fetched 2 completed orders for customer_id: 1
2025-05-18 16:20:08 - Selected order: ORD-68288BB09FC83
2025-05-18 16:20:08 - Fetched feedback for order ORD-68288BB09FC83: Not found
2025-05-18 16:27:39 - Customer ID from session: 1
2025-05-18 16:27:39 - Fetched 2 completed orders for customer_id: 1
2025-05-18 16:27:39 - Fetched 28 total orders for customer_id: 1
2025-05-18 16:28:11 - Customer ID from session: 1
2025-05-18 16:28:11 - Fetched 2 completed orders for customer_id: 1
2025-05-18 16:28:11 - Fetched 28 total orders for customer_id: 1
2025-05-18 16:28:11 - Selected order: ORD-68288BB09FC83
2025-05-18 16:28:11 - Fetched feedback for order ORD-68288BB09FC83: Not found
2025-05-18 16:32:09 - Customer ID from session: 1
2025-05-18 16:32:09 - Fetched 2 completed orders for customer_id: 1
2025-05-18 16:32:11 - Customer ID from session: 1
2025-05-18 16:32:11 - Fetched 2 completed orders for customer_id: 1
2025-05-18 16:32:11 - Selected order: ORD-68288BB09FC83
2025-05-18 16:32:11 - Fetched feedback for order ORD-68288BB09FC83: Not found
2025-05-18 16:32:20 - Customer ID from session: 1
2025-05-18 16:32:20 - Feedback saved for order: ORD-68288BB09FC83, rating: 5
2025-05-18 16:32:22 - Feedback email failed for order: ORD-68288BB09FC83 - SMTP Error: Could not authenticate.
2025-05-18 16:32:22 - Customer ID from session: 1
2025-05-18 16:32:22 - Fetched 2 completed orders for customer_id: 1
2025-05-18 16:32:22 - Selected order: ORD-68288BB09FC83
2025-05-18 16:32:22 - Fetched feedback for order ORD-68288BB09FC83: Found
2025-05-18 16:42:26 - Customer ID from session: 1
2025-05-18 16:42:26 - Fetched 2 completed orders for customer_id: 1
2025-05-18 16:42:26 - Selected order: ORD-68288BB09FC83
2025-05-18 16:42:26 - Fetched feedback for order ORD-68288BB09FC83: Not found
2025-05-20 06:02:06 - Memory limit: 256M
2025-05-20 06:02:06 - Displaying confirmation for order: ORD-682BFEBDD1703, Customer ID: 1
2025-05-20 06:02:06 - Order items count: 2
2025-05-20 06:02:06 - Order items: [{"item_id":3,"quantity":1,"price":"15.00","item_name":"Charcoal-grilled burger","photo":"uploads\/67f7498decaa2.jpg"},{"item_id":1,"quantity":1,"price":"12.00","item_name":"Classic Onion Burger","photo":"uploads\/67f53fc11969d.jpg"}]
2025-05-20 06:02:06 - Delivery method: delivery
2025-05-20 06:02:06 - Delivery address: {"street_address":"4501, Angkasa Nuri","city":"Kuala Lumpur","postal_code":"50450"}
2025-05-20 06:02:06 - Customer email: andrew@gmail.com
2025-05-20 06:05:19 - Memory limit: 256M
2025-05-20 06:05:19 - Displaying confirmation for order: ORD-682BFF7F8F844, Customer ID: 1
2025-05-20 06:05:19 - Order items count: 2
2025-05-20 06:05:19 - Order items: [{"item_id":1,"quantity":1,"price":"12.00","item_name":"Classic Onion Burger","photo":"uploads\/67f53fc11969d.jpg"},{"item_id":2,"quantity":1,"price":"14.00","item_name":"Crispy Chicken Burger","photo":"uploads\/67f7403a6e20b.jpg"}]
2025-05-20 06:05:19 - Delivery method: delivery
2025-05-20 06:05:19 - Delivery address: {"street_address":"4501, Angkasa Nuri","city":"Kuala Lumpur","postal_code":"50450"}
2025-05-20 06:05:19 - Customer email: andrew@gmail.com
2025-05-20 06:05:33 - Memory limit: 256M
2025-05-20 06:05:33 - Session delivery_method: delivery, delivery_address: {"street_address":"4501, Angkasa Nuri","city":"Kuala Lumpur","postal_code":"50450"}
2025-05-20 06:05:33 - Order items for ORD-682BFF7F8F844: [{"item_id":1,"quantity":1,"price":"12.00","item_name":"Classic Onion Burger","photo":"uploads\/67f53fc11969d.jpg"},{"item_id":2,"quantity":1,"price":"14.00","item_name":"Crispy Chicken Burger","photo":"uploads\/67f7403a6e20b.jpg"}]
2025-05-20 06:05:42 - Invoice email failed for order: ORD-682BFF7F8F844 - SMTP Error: Could not authenticate.
2025-05-20 06:05:49 - Memory limit: 256M
2025-05-20 06:05:49 - Displaying confirmation for order: ORD-682BFF7F8F844, Customer ID: 1
2025-05-20 06:05:49 - Order items count: 2
2025-05-20 06:05:49 - Order items: [{"item_id":1,"quantity":1,"price":"12.00","item_name":"Classic Onion Burger","photo":"uploads\/67f53fc11969d.jpg"},{"item_id":2,"quantity":1,"price":"14.00","item_name":"Crispy Chicken Burger","photo":"uploads\/67f7403a6e20b.jpg"}]
2025-05-20 06:05:49 - Delivery method: delivery
2025-05-20 06:05:49 - Delivery address: {"street_address":"4501, Angkasa Nuri","city":"Kuala Lumpur","postal_code":"50450"}
2025-05-20 06:05:49 - Customer email: andrew@gmail.com
2025-05-20 06:05:50 - Downloaded invoice for order: ORD-682BFF7F8F844
2025-05-20 06:06:38 - Customer ID from session: 1
2025-05-20 06:06:38 - Fetched 2 completed orders for customer_id: 1
2025-05-20 06:06:41 - Customer ID from session: 1
2025-05-20 06:06:41 - Fetched 2 completed orders for customer_id: 1
2025-05-20 06:06:41 - Selected order: ORD-68288BB09FC83
2025-05-20 06:06:41 - Fetched feedback for order ORD-68288BB09FC83: Not found
