<<<<<<< HEAD
2025-05-02 02:43:53 - Customer ID: 1
2025-05-02 02:43:53 - Item: Crispy Chicken Burger, Photo Path: /Online-Fast-Food/Admin/Manage_Menu_Item/uploads/67f7403a6e20b.jpg
2025-05-02 02:43:53 - Cart items: [{"item_id":2,"quantity":2,"price":"14.00","item_name":"Crispy Chicken Burger","photo":"uploads\/67f7403a6e20b.jpg","category":"burger"}]
2025-05-02 02:43:53 - Calculated total: 28
2025-05-02 03:06:11 - Customer ID: 45
2025-05-02 03:06:11 - Item: Crispy Chicken Burger, Photo Path: /Online-Fast-Food/Admin/Manage_Menu_Item/uploads/67f7403a6e20b.jpg
2025-05-02 03:06:11 - Item: Korean Fried Chicken, Photo Path: /Online-Fast-Food/Admin/Manage_Menu_Item/uploads/67f73cd7566e5.jpg
2025-05-02 03:06:11 - Item: Iced Lemon Tea, Photo Path: /Online-Fast-Food/Admin/Manage_Menu_Item/uploads/67f88981a15cb.png
2025-05-02 03:06:11 - Item: Mac and Cheese Wedge Bites, Photo Path: /Online-Fast-Food/Admin/Manage_Menu_Item/uploads/67f87d8fa0f7d.png
2025-05-02 03:06:11 - Item: Crispy Whole Chicken Set, Photo Path: /Online-Fast-Food/Admin/Manage_Menu_Item/uploads/67f88b846c275.png
2025-05-02 03:06:11 - Cart items: [{"item_id":3,"quantity":10,"price":"14.00","item_name":"Crispy Chicken Burger","photo":"uploads\/67f7403a6e20b.jpg","category":"burger"},{"item_id":5,"quantity":4,"price":"7.50","item_name":"Korean Fried Chicken","photo":"uploads\/67f73cd7566e5.jpg","category":"chicken"},{"item_id":9,"quantity":3,"price":"3.00","item_name":"Iced Lemon Tea","photo":"uploads\/67f88981a15cb.png","category":"drink"},{"item_id":12,"quantity":2,"price":"6.00","item_name":"Mac and Cheese Wedge Bites","photo":"uploads\/67f87d8fa0f7d.png","category":"snacks"},{"item_id":13,"quantity":1,"price":"58.00","item_name":"Crispy Whole Chicken Set","photo":"uploads\/67f88b846c275.png","category":"meal"}]
2025-05-02 03:06:11 - Calculated total: 249
2025-05-02 03:06:23 - Customer ID: 45
2025-05-02 03:06:23 - Item: Crispy Chicken Burger, Photo Path: /Online-Fast-Food/Admin/Manage_Menu_Item/uploads/67f7403a6e20b.jpg
2025-05-02 03:06:23 - Item: Korean Fried Chicken, Photo Path: /Online-Fast-Food/Admin/Manage_Menu_Item/uploads/67f73cd7566e5.jpg
2025-05-02 03:06:23 - Item: Iced Lemon Tea, Photo Path: /Online-Fast-Food/Admin/Manage_Menu_Item/uploads/67f88981a15cb.png
2025-05-02 03:06:23 - Item: Mac and Cheese Wedge Bites, Photo Path: /Online-Fast-Food/Admin/Manage_Menu_Item/uploads/67f87d8fa0f7d.png
2025-05-02 03:06:23 - Item: Crispy Whole Chicken Set, Photo Path: /Online-Fast-Food/Admin/Manage_Menu_Item/uploads/67f88b846c275.png
2025-05-02 03:06:23 - Cart items: [{"item_id":3,"quantity":10,"price":"14.00","item_name":"Crispy Chicken Burger","photo":"uploads\/67f7403a6e20b.jpg","category":"burger"},{"item_id":5,"quantity":4,"price":"7.50","item_name":"Korean Fried Chicken","photo":"uploads\/67f73cd7566e5.jpg","category":"chicken"},{"item_id":9,"quantity":3,"price":"3.00","item_name":"Iced Lemon Tea","photo":"uploads\/67f88981a15cb.png","category":"drink"},{"item_id":12,"quantity":2,"price":"6.00","item_name":"Mac and Cheese Wedge Bites","photo":"uploads\/67f87d8fa0f7d.png","category":"snacks"},{"item_id":13,"quantity":1,"price":"58.00","item_name":"Crispy Whole Chicken Set","photo":"uploads\/67f88b846c275.png","category":"meal"}]
2025-05-02 03:06:23 - Calculated total: 249
2025-05-06 08:54:00 - Customer ID: 1
2025-05-06 08:54:00 - Item: Crispy Chicken Burger, Photo Path: /Online-Fast-Food/Admin/Manage_Menu_Item/uploads/67f7403a6e20b.jpg
2025-05-06 08:54:00 - Cart items: [{"item_id":2,"quantity":2,"price":"14.00","item_name":"Crispy Chicken Burger","photo":"uploads\/67f7403a6e20b.jpg","category":"burger"}]
2025-05-06 08:54:00 - Calculated total: 28
2025-05-06 09:19:46 - Customer ID: 1
2025-05-06 09:19:46 - Item: Crispy Chicken Burger, Photo Path: /Online-Fast-Food/Admin/Manage_Menu_Item/uploads/67f7403a6e20b.jpg
2025-05-06 09:19:46 - Cart items: [{"item_id":2,"quantity":2,"price":"14.00","item_name":"Crispy Chicken Burger","photo":"uploads\/67f7403a6e20b.jpg","category":"burger"}]
2025-05-06 09:19:46 - Calculated total: 28
2025-05-06 09:28:16 - Customer ID: 1
2025-05-06 09:28:16 - Item: Crispy Chicken Burger, Photo Path: /Online-Fast-Food/Admin/Manage_Menu_Item/uploads/67f7403a6e20b.jpg
2025-05-06 09:28:16 - Cart items: [{"item_id":2,"quantity":2,"price":"14.00","item_name":"Crispy Chicken Burger","photo":"uploads\/67f7403a6e20b.jpg","category":"burger"}]
2025-05-06 09:28:16 - Calculated total: 28
2025-05-06 09:28:36 - Customer ID: 1
2025-05-06 09:28:36 - Item: Crispy Chicken Burger, Photo Path: /Online-Fast-Food/Admin/Manage_Menu_Item/uploads/67f7403a6e20b.jpg
2025-05-06 09:28:36 - Cart items: [{"item_id":2,"quantity":2,"price":"14.00","item_name":"Crispy Chicken Burger","photo":"uploads\/67f7403a6e20b.jpg","category":"burger"}]
2025-05-06 09:28:36 - Calculated total: 28
2025-05-06 09:28:41 - Customer ID: 1
2025-05-06 09:28:41 - Item: Crispy Chicken Burger, Photo Path: /Online-Fast-Food/Admin/Manage_Menu_Item/uploads/67f7403a6e20b.jpg
2025-05-06 09:28:41 - Cart items: [{"item_id":2,"quantity":2,"price":"14.00","item_name":"Crispy Chicken Burger","photo":"uploads\/67f7403a6e20b.jpg","category":"burger"}]
2025-05-06 09:28:41 - Calculated total: 28
2025-05-06 09:28:41 - Received make_payment request: {"csrf_token":"bf2d9078d3a9d69892c7ae6bc3140a889c796aa6141cf8825f72496380e28591","delivery_method":"pickup","delivery_address":"","payment_method_id":"9","method":"digital_wallet","amount":"28","make_payment":"1"}
2025-05-06 09:28:41 - Received amount: 28, Expected total: 28
2025-05-06 09:28:41 - Delivery method: pickup, Delivery address: N/A
2025-05-06 09:28:41 - Payment method: digital_wallet, Payment method ID: 9
2025-05-06 09:28:41 - Generated order_id: ORD-6819BA29AE081
2025-05-06 09:28:41 - Current database: brizo
2025-05-06 09:28:41 - Table 'orders' exists: Yes
2025-05-06 09:28:41 - Columns in 'orders' table: ["id","order_id","customer_id","items","total","status","created_at"]
2025-05-06 09:28:41 - Executing SQL for orders insert: 
            INSERT INTO orders (order_id, customer_id, items, total, status, created_at)
            VALUES (?, ?, ?, ?, 'pending', NOW())
        
2025-05-06 09:28:41 - Inserting order_item: order_id=ORD-6819BA29AE081, item_id=2, quantity=2, price=14.00
2025-05-06 09:28:41 - Payment successful: order_id=ORD-6819BA29AE081
2025-05-06 09:34:41 - Customer ID: 1
2025-05-06 09:34:41 - Cart items: []
2025-05-06 09:34:41 - Calculated total: 0
2025-05-06 09:34:42 - Customer ID: 1
2025-05-06 09:34:42 - Cart items: []
2025-05-06 09:34:42 - Calculated total: 0
2025-05-06 09:58:06 - Customer ID: 1
2025-05-06 09:58:06 - Cart items: []
2025-05-06 09:58:06 - Calculated total: 0
=======
>>>>>>> aae1df732e892016ed84ee069cbd5a93088304ea
2025-05-06 18:52:20 - Customer ID: 1
2025-05-06 18:52:20 - Item: Crispy Chicken Burger, Photo Path: /Online-Fast-Food/Admin/Manage_Menu_Item/uploads/67f7403a6e20b.jpg
2025-05-06 18:52:20 - Cart items: [{"item_id":2,"quantity":1,"price":"14.00","item_name":"Crispy Chicken Burger","photo":"uploads\/67f7403a6e20b.jpg","category":"burger"}]
2025-05-06 18:52:20 - Calculated total: 14
2025-05-06 18:52:31 - Customer ID: 1
2025-05-06 18:52:31 - Item: Crispy Chicken Burger, Photo Path: /Online-Fast-Food/Admin/Manage_Menu_Item/uploads/67f7403a6e20b.jpg
2025-05-06 18:52:31 - Cart items: [{"item_id":2,"quantity":1,"price":"14.00","item_name":"Crispy Chicken Burger","photo":"uploads\/67f7403a6e20b.jpg","category":"burger"}]
2025-05-06 18:52:31 - Calculated total: 14
2025-05-06 18:52:37 - Customer ID: 1
2025-05-06 18:52:37 - Item: Crispy Chicken Burger, Photo Path: /Online-Fast-Food/Admin/Manage_Menu_Item/uploads/67f7403a6e20b.jpg
2025-05-06 18:52:37 - Cart items: [{"item_id":2,"quantity":1,"price":"14.00","item_name":"Crispy Chicken Burger","photo":"uploads\/67f7403a6e20b.jpg","category":"burger"}]
2025-05-06 18:52:37 - Calculated total: 14
2025-05-06 18:52:37 - Received make_payment request: {"csrf_token":"46fe34ef1a85cdc410c4d1d803d341e8324808cc6bc6fcd1250db691f48add53","delivery_method":"pickup","delivery_address":"","payment_method_id":"9","method":"digital_wallet","amount":"14","make_payment":"1"}
2025-05-06 18:52:37 - Received amount: 14, Expected total: 14
2025-05-06 18:52:37 - Delivery method: pickup, Delivery address: N/A
2025-05-06 18:52:37 - Payment method: digital_wallet, Payment method ID: 9
2025-05-06 18:52:37 - Generated order_id: ORD-681A3E557D780
2025-05-06 18:52:37 - Current database: brizo
2025-05-06 18:52:37 - Table 'orders' exists: Yes
2025-05-06 18:52:37 - Columns in 'orders' table: ["id","order_id","customer_id","items","total","status","created_at"]
2025-05-06 18:52:37 - Executing SQL for orders insert: 
            INSERT INTO orders (order_id, customer_id, items, total, status, created_at)
            VALUES (?, ?, ?, ?, 'pending', NOW())
        
2025-05-06 18:52:37 - Inserting order_item: order_id=ORD-681A3E557D780, item_id=2, quantity=1, price=14.00
2025-05-06 18:52:37 - Payment successful: order_id=ORD-681A3E557D780
2025-05-08 11:47:27 - Customer ID: 1
2025-05-08 11:47:27 - Item: Crispy Chicken Burger, Photo Path: /Online-Fast-Food/Admin/Manage_Menu_Item/uploads/67f7403a6e20b.jpg
2025-05-08 11:47:27 - Item: Classic Onion Burger, Photo Path: /Online-Fast-Food/Admin/Manage_Menu_Item/uploads/67f53fc11969d.jpg
2025-05-08 11:47:27 - Cart items: [{"item_id":2,"quantity":1,"price":"14.00","item_name":"Crispy Chicken Burger","photo":"uploads\/67f7403a6e20b.jpg","category":"burger"},{"item_id":1,"quantity":1,"price":"12.00","item_name":"Classic Onion Burger","photo":"uploads\/67f53fc11969d.jpg","category":"burger"}]
2025-05-08 11:47:27 - Calculated total: 26
2025-05-08 11:48:08 - Customer ID: 1
2025-05-08 11:48:08 - Item: Crispy Chicken Burger, Photo Path: /Online-Fast-Food/Admin/Manage_Menu_Item/uploads/67f7403a6e20b.jpg
2025-05-08 11:48:08 - Item: Classic Onion Burger, Photo Path: /Online-Fast-Food/Admin/Manage_Menu_Item/uploads/67f53fc11969d.jpg
2025-05-08 11:48:08 - Cart items: [{"item_id":2,"quantity":1,"price":"14.00","item_name":"Crispy Chicken Burger","photo":"uploads\/67f7403a6e20b.jpg","category":"burger"},{"item_id":1,"quantity":1,"price":"12.00","item_name":"Classic Onion Burger","photo":"uploads\/67f53fc11969d.jpg","category":"burger"}]
2025-05-08 11:48:08 - Calculated total: 26
2025-05-08 11:48:08 - Attempting to add payment method: method_type=digital_wallet
2025-05-08 11:48:08 - Duplicate phone number 01111126183 for customer_id=1
2025-05-08 11:49:55 - Customer ID: 1
2025-05-08 11:49:55 - Item: Crispy Chicken Burger, Photo Path: /Online-Fast-Food/Admin/Manage_Menu_Item/uploads/67f7403a6e20b.jpg
2025-05-08 11:49:55 - Item: Classic Onion Burger, Photo Path: /Online-Fast-Food/Admin/Manage_Menu_Item/uploads/67f53fc11969d.jpg
2025-05-08 11:49:55 - Cart items: [{"item_id":2,"quantity":1,"price":"14.00","item_name":"Crispy Chicken Burger","photo":"uploads\/67f7403a6e20b.jpg","category":"burger"},{"item_id":1,"quantity":1,"price":"12.00","item_name":"Classic Onion Burger","photo":"uploads\/67f53fc11969d.jpg","category":"burger"}]
2025-05-08 11:49:55 - Calculated total: 26
2025-05-08 11:49:55 - Attempting to add payment method: method_type=digital_wallet
2025-05-08 11:49:55 - Duplicate phone number 01111126183 for customer_id=1
2025-05-08 11:55:46 - Customer ID: 1
2025-05-08 11:55:46 - Item: Crispy Chicken Burger, Photo Path: /Online-Fast-Food/Admin/Manage_Menu_Item/uploads/67f7403a6e20b.jpg
2025-05-08 11:55:46 - Item: Classic Onion Burger, Photo Path: /Online-Fast-Food/Admin/Manage_Menu_Item/uploads/67f53fc11969d.jpg
2025-05-08 11:55:46 - Cart items: [{"item_id":2,"quantity":1,"price":"14.00","item_name":"Crispy Chicken Burger","photo":"uploads\/67f7403a6e20b.jpg","category":"burger"},{"item_id":1,"quantity":1,"price":"12.00","item_name":"Classic Onion Burger","photo":"uploads\/67f53fc11969d.jpg","category":"burger"}]
2025-05-08 11:55:46 - Calculated total: 26
2025-05-09 10:45:35 - Script started
2025-05-09 10:45:35 - Page loaded: customer_id=1
2025-05-09 10:45:35 - CSRF token: 1ce9a07d46710398aa5a2ec902045bba27795304d5cb6e34cba5d8ac80bd1345
2025-05-09 10:45:35 - Fetched address: address=, city=, postal_code=
2025-05-09 10:45:35 - Cart items: [{"item_id":2,"quantity":1,"price":"14.00","item_name":"Crispy Chicken Burger","photo":"uploads\/67f7403a6e20b.jpg","category":"burger"},{"item_id":1,"quantity":1,"price":"12.00","item_name":"Classic Onion Burger","photo":"uploads\/67f53fc11969d.jpg","category":"burger"}], Total: 26
2025-05-09 10:45:35 - Payment methods: [{"id":3,"method_type":"card","card_type":"visa","card_last_four":"9845","expiry_date":"12\/27","bank_name":null,"wallet_type":null,"phone_number":null},{"id":4,"method_type":"online_banking","card_type":null,"card_last_four":null,"expiry_date":null,"bank_name":"","wallet_type":null,"phone_number":null},{"id":5,"method_type":"online_banking","card_type":null,"card_last_four":null,"expiry_date":null,"bank_name":"","wallet_type":null,"phone_number":null},{"id":6,"method_type":"online_banking","card_type":null,"card_last_four":null,"expiry_date":null,"bank_name":"","wallet_type":null,"phone_number":null},{"id":7,"method_type":"online_banking","card_type":null,"card_last_four":null,"expiry_date":null,"bank_name":"","wallet_type":null,"phone_number":null},{"id":8,"method_type":"card","card_type":"visa","card_last_four":"9845","expiry_date":"12\/27","bank_name":null,"wallet_type":null,"phone_number":null},{"id":9,"method_type":"digital_wallet","card_type":null,"card_last_four":null,"expiry_date":null,"bank_name":null,"wallet_type":"tng","phone_number":"01111126183"},{"id":10,"method_type":"online_banking","card_type":null,"card_last_four":null,"expiry_date":null,"bank_name":"","wallet_type":null,"phone_number":null},{"id":11,"method_type":"online_banking","card_type":null,"card_last_four":null,"expiry_date":null,"bank_name":"","wallet_type":null,"phone_number":null},{"id":12,"method_type":"online_banking","card_type":null,"card_last_four":null,"expiry_date":null,"bank_name":"hsbc","wallet_type":null,"phone_number":null},{"id":13,"method_type":"online_banking","card_type":null,"card_last_four":null,"expiry_date":null,"bank_name":"","wallet_type":null,"phone_number":null},{"id":14,"method_type":"online_banking","card_type":null,"card_last_four":null,"expiry_date":null,"bank_name":"","wallet_type":null,"phone_number":null},{"id":15,"method_type":"online_banking","card_type":null,"card_last_four":null,"expiry_date":null,"bank_name":"","wallet_type":null,"phone_number":null},{"id":16,"method_type":"online_banking","card_type":null,"card_last_four":null,"expiry_date":null,"bank_name":"hsbc","wallet_type":null,"phone_number":null},{"id":17,"method_type":"online_banking","card_type":null,"card_last_four":null,"expiry_date":null,"bank_name":"uob","wallet_type":null,"phone_number":null}]
2025-05-09 17:04:31 - Customer ID: 1
2025-05-09 17:04:31 - Item: Crispy Chicken Burger, Photo Path: /Online-Fast-Food/Admin/Manage_Menu_Item/uploads/67f7403a6e20b.jpg
2025-05-09 17:04:31 - Item: Classic Onion Burger, Photo Path: /Online-Fast-Food/Admin/Manage_Menu_Item/uploads/67f53fc11969d.jpg
2025-05-09 17:04:31 - Cart items: [{"item_id":2,"quantity":1,"price":"14.00","item_name":"Crispy Chicken Burger","photo":"uploads\/67f7403a6e20b.jpg","category":"burger"},{"item_id":1,"quantity":1,"price":"12.00","item_name":"Classic Onion Burger","photo":"uploads\/67f53fc11969d.jpg","category":"burger"}]
2025-05-09 17:04:31 - Calculated total: 26
2025-05-09 17:04:31 - Customer saved address: None
2025-05-09 17:04:40 - Customer ID: 1
2025-05-09 17:04:40 - Item: Crispy Chicken Burger, Photo Path: /Online-Fast-Food/Admin/Manage_Menu_Item/uploads/67f7403a6e20b.jpg
2025-05-09 17:04:40 - Item: Classic Onion Burger, Photo Path: /Online-Fast-Food/Admin/Manage_Menu_Item/uploads/67f53fc11969d.jpg
2025-05-09 17:04:40 - Cart items: [{"item_id":2,"quantity":1,"price":"14.00","item_name":"Crispy Chicken Burger","photo":"uploads\/67f7403a6e20b.jpg","category":"burger"},{"item_id":1,"quantity":1,"price":"12.00","item_name":"Classic Onion Burger","photo":"uploads\/67f53fc11969d.jpg","category":"burger"}]
2025-05-09 17:04:40 - Calculated total: 26
2025-05-09 17:04:40 - Customer saved address: None
2025-05-09 17:04:40 - Received make_payment request: {"csrf_token":"1ce9a07d46710398aa5a2ec902045bba27795304d5cb6e34cba5d8ac80bd1345","delivery_method":"delivery","delivery_address":"","payment_method_id":"9","method":"","amount":"26","make_payment":"1"}
2025-05-09 17:04:40 - Received amount: 26, Expected total: 26
2025-05-09 17:04:40 - Delivery method: delivery, Delivery address: N/A
2025-05-09 17:04:40 - Payment method: , Payment method ID: 9
2025-05-09 17:04:40 - Validation failed: Invalid payment method ()
2025-05-09 17:04:41 - Customer ID: 1
2025-05-09 17:04:41 - Item: Crispy Chicken Burger, Photo Path: /Online-Fast-Food/Admin/Manage_Menu_Item/uploads/67f7403a6e20b.jpg
2025-05-09 17:04:41 - Item: Classic Onion Burger, Photo Path: /Online-Fast-Food/Admin/Manage_Menu_Item/uploads/67f53fc11969d.jpg
2025-05-09 17:04:41 - Cart items: [{"item_id":2,"quantity":1,"price":"14.00","item_name":"Crispy Chicken Burger","photo":"uploads\/67f7403a6e20b.jpg","category":"burger"},{"item_id":1,"quantity":1,"price":"12.00","item_name":"Classic Onion Burger","photo":"uploads\/67f53fc11969d.jpg","category":"burger"}]
2025-05-09 17:04:41 - Calculated total: 26
2025-05-09 17:04:41 - Customer saved address: None
2025-05-09 17:04:48 - Customer ID: 1
2025-05-09 17:04:48 - Item: Crispy Chicken Burger, Photo Path: /Online-Fast-Food/Admin/Manage_Menu_Item/uploads/67f7403a6e20b.jpg
2025-05-09 17:04:48 - Item: Classic Onion Burger, Photo Path: /Online-Fast-Food/Admin/Manage_Menu_Item/uploads/67f53fc11969d.jpg
2025-05-09 17:04:48 - Cart items: [{"item_id":2,"quantity":1,"price":"14.00","item_name":"Crispy Chicken Burger","photo":"uploads\/67f7403a6e20b.jpg","category":"burger"},{"item_id":1,"quantity":1,"price":"12.00","item_name":"Classic Onion Burger","photo":"uploads\/67f53fc11969d.jpg","category":"burger"}]
2025-05-09 17:04:48 - Calculated total: 26
2025-05-09 17:04:48 - Customer saved address: None
2025-05-09 17:04:48 - Received make_payment request: {"csrf_token":"1ce9a07d46710398aa5a2ec902045bba27795304d5cb6e34cba5d8ac80bd1345","delivery_method":"delivery","delivery_address":"","payment_method_id":"9","method":"","amount":"26","make_payment":"1"}
2025-05-09 17:04:48 - Received amount: 26, Expected total: 26
2025-05-09 17:04:48 - Delivery method: delivery, Delivery address: N/A
2025-05-09 17:04:48 - Payment method: , Payment method ID: 9
2025-05-09 17:04:48 - Validation failed: Invalid payment method ()
2025-05-09 17:04:54 - Customer ID: 1
2025-05-09 17:04:54 - Item: Crispy Chicken Burger, Photo Path: /Online-Fast-Food/Admin/Manage_Menu_Item/uploads/67f7403a6e20b.jpg
2025-05-09 17:04:54 - Item: Classic Onion Burger, Photo Path: /Online-Fast-Food/Admin/Manage_Menu_Item/uploads/67f53fc11969d.jpg
2025-05-09 17:04:54 - Cart items: [{"item_id":2,"quantity":1,"price":"14.00","item_name":"Crispy Chicken Burger","photo":"uploads\/67f7403a6e20b.jpg","category":"burger"},{"item_id":1,"quantity":1,"price":"12.00","item_name":"Classic Onion Burger","photo":"uploads\/67f53fc11969d.jpg","category":"burger"}]
2025-05-09 17:04:54 - Calculated total: 26
2025-05-09 17:04:54 - Customer saved address: None
2025-05-09 17:05:15 - Customer ID: 1
2025-05-09 17:05:15 - Item: Crispy Chicken Burger, Photo Path: /Online-Fast-Food/Admin/Manage_Menu_Item/uploads/67f7403a6e20b.jpg
2025-05-09 17:05:15 - Item: Classic Onion Burger, Photo Path: /Online-Fast-Food/Admin/Manage_Menu_Item/uploads/67f53fc11969d.jpg
2025-05-09 17:05:15 - Cart items: [{"item_id":2,"quantity":1,"price":"14.00","item_name":"Crispy Chicken Burger","photo":"uploads\/67f7403a6e20b.jpg","category":"burger"},{"item_id":1,"quantity":1,"price":"12.00","item_name":"Classic Onion Burger","photo":"uploads\/67f53fc11969d.jpg","category":"burger"}]
2025-05-09 17:05:15 - Calculated total: 26
2025-05-09 17:05:18 - Customer ID: 1
2025-05-09 17:05:18 - Item: Crispy Chicken Burger, Photo Path: /Online-Fast-Food/Admin/Manage_Menu_Item/uploads/67f7403a6e20b.jpg
2025-05-09 17:05:18 - Item: Classic Onion Burger, Photo Path: /Online-Fast-Food/Admin/Manage_Menu_Item/uploads/67f53fc11969d.jpg
2025-05-09 17:05:18 - Cart items: [{"item_id":2,"quantity":1,"price":"14.00","item_name":"Crispy Chicken Burger","photo":"uploads\/67f7403a6e20b.jpg","category":"burger"},{"item_id":1,"quantity":1,"price":"12.00","item_name":"Classic Onion Burger","photo":"uploads\/67f53fc11969d.jpg","category":"burger"}]
2025-05-09 17:05:18 - Calculated total: 26
2025-05-09 17:05:18 - Received make_payment request: {"csrf_token":"1ce9a07d46710398aa5a2ec902045bba27795304d5cb6e34cba5d8ac80bd1345","delivery_method":"pickup","delivery_address":"","payment_method_id":"9","method":"digital_wallet","amount":"26","make_payment":"1"}
2025-05-09 17:05:18 - Received amount: 26, Expected total: 26
2025-05-09 17:05:18 - Delivery method: pickup, Delivery address: N/A
2025-05-09 17:05:18 - Payment method: digital_wallet, Payment method ID: 9
2025-05-09 17:05:18 - Generated order_id: ORD-681E19AEB5D65
2025-05-09 17:05:18 - Current database: brizo
2025-05-09 17:05:18 - Table 'orders' exists: Yes
2025-05-09 17:05:18 - Columns in 'orders' table: ["id","order_id","customer_id","items","total","status","created_at"]
2025-05-09 17:05:18 - Executing SQL for orders insert: 
            INSERT INTO orders (order_id, customer_id, items, total, status, created_at)
            VALUES (?, ?, ?, ?, 'pending', NOW())
        
2025-05-09 17:05:18 - Inserting order_item: order_id=ORD-681E19AEB5D65, item_id=2, quantity=1, price=14.00
2025-05-09 17:05:18 - Inserting order_item: order_id=ORD-681E19AEB5D65, item_id=1, quantity=1, price=12.00
2025-05-09 17:05:18 - Payment successful: order_id=ORD-681E19AEB5D65
2025-05-09 17:05:21 - Customer ID: 1
2025-05-09 17:05:21 - Cart items: []
2025-05-09 17:05:21 - Calculated total: 0
2025-05-09 17:14:43 - Customer ID: 1
2025-05-09 17:14:43 - Item: Classic Onion Burger, Photo Path: /Online-Fast-Food/Admin/Manage_Menu_Item/uploads/67f53fc11969d.jpg
2025-05-09 17:14:43 - Cart items: [{"item_id":1,"quantity":1,"price":"12.00","item_name":"Classic Onion Burger","photo":"uploads\/67f53fc11969d.jpg","category":"burger"}]
2025-05-09 17:14:43 - Calculated total: 12
2025-05-09 17:14:43 - Customer saved address: None
2025-05-09 17:14:53 - Customer ID: 1
2025-05-09 17:14:53 - Item: Classic Onion Burger, Photo Path: /Online-Fast-Food/Admin/Manage_Menu_Item/uploads/67f53fc11969d.jpg
2025-05-09 17:14:53 - Cart items: [{"item_id":1,"quantity":1,"price":"12.00","item_name":"Classic Onion Burger","photo":"uploads\/67f53fc11969d.jpg","category":"burger"}]
2025-05-09 17:14:53 - Calculated total: 12
2025-05-09 17:14:53 - Customer saved address: None
2025-05-09 17:14:53 - Received make_payment request: {"csrf_token":"1ce9a07d46710398aa5a2ec902045bba27795304d5cb6e34cba5d8ac80bd1345","delivery_method":"delivery","delivery_address":"Angkasa Nuri","payment_method_id":"12","method":"online_banking","amount":"12","make_payment":"1"}
2025-05-09 17:14:53 - Received amount: 12, Expected total: 12
2025-05-09 17:14:53 - Delivery method: delivery, Delivery address: Angkasa Nuri
2025-05-09 17:14:53 - Payment method: online_banking, Payment method ID: 12
2025-05-09 17:14:53 - Validation failed: Invalid delivery method (delivery)
2025-05-09 17:14:56 - Customer ID: 1
2025-05-09 17:14:56 - Item: Classic Onion Burger, Photo Path: /Online-Fast-Food/Admin/Manage_Menu_Item/uploads/67f53fc11969d.jpg
2025-05-09 17:14:56 - Cart items: [{"item_id":1,"quantity":1,"price":"12.00","item_name":"Classic Onion Burger","photo":"uploads\/67f53fc11969d.jpg","category":"burger"}]
2025-05-09 17:14:56 - Calculated total: 12
2025-05-09 17:14:56 - Customer saved address: None
2025-05-09 17:14:56 - Received make_payment request: {"csrf_token":"1ce9a07d46710398aa5a2ec902045bba27795304d5cb6e34cba5d8ac80bd1345","delivery_method":"delivery","delivery_address":"Angkasa Nuri","payment_method_id":"9","method":"digital_wallet","amount":"12","make_payment":"1"}
2025-05-09 17:14:56 - Received amount: 12, Expected total: 12
2025-05-09 17:14:56 - Delivery method: delivery, Delivery address: Angkasa Nuri
2025-05-09 17:14:56 - Payment method: digital_wallet, Payment method ID: 9
2025-05-09 17:14:56 - Validation failed: Invalid delivery method (delivery)
2025-05-09 17:14:56 - Customer ID: 1
2025-05-09 17:14:56 - Item: Classic Onion Burger, Photo Path: /Online-Fast-Food/Admin/Manage_Menu_Item/uploads/67f53fc11969d.jpg
2025-05-09 17:14:56 - Cart items: [{"item_id":1,"quantity":1,"price":"12.00","item_name":"Classic Onion Burger","photo":"uploads\/67f53fc11969d.jpg","category":"burger"}]
2025-05-09 17:14:56 - Calculated total: 12
2025-05-09 17:14:56 - Customer saved address: None
2025-05-09 17:14:56 - Received make_payment request: {"csrf_token":"1ce9a07d46710398aa5a2ec902045bba27795304d5cb6e34cba5d8ac80bd1345","delivery_method":"delivery","delivery_address":"Angkasa Nuri","payment_method_id":"9","method":"digital_wallet","amount":"12","make_payment":"1"}
2025-05-09 17:14:56 - Received amount: 12, Expected total: 12
2025-05-09 17:14:56 - Delivery method: delivery, Delivery address: Angkasa Nuri
2025-05-09 17:14:56 - Payment method: digital_wallet, Payment method ID: 9
2025-05-09 17:14:56 - Validation failed: Invalid delivery method (delivery)
2025-05-09 17:14:57 - Customer ID: 1
2025-05-09 17:14:57 - Item: Classic Onion Burger, Photo Path: /Online-Fast-Food/Admin/Manage_Menu_Item/uploads/67f53fc11969d.jpg
2025-05-09 17:14:57 - Cart items: [{"item_id":1,"quantity":1,"price":"12.00","item_name":"Classic Onion Burger","photo":"uploads\/67f53fc11969d.jpg","category":"burger"}]
2025-05-09 17:14:57 - Calculated total: 12
2025-05-09 17:14:57 - Customer saved address: None
2025-05-09 17:14:57 - Received make_payment request: {"csrf_token":"1ce9a07d46710398aa5a2ec902045bba27795304d5cb6e34cba5d8ac80bd1345","delivery_method":"delivery","delivery_address":"Angkasa Nuri","payment_method_id":"9","method":"digital_wallet","amount":"12","make_payment":"1"}
2025-05-09 17:14:57 - Received amount: 12, Expected total: 12
2025-05-09 17:14:57 - Delivery method: delivery, Delivery address: Angkasa Nuri
2025-05-09 17:14:57 - Payment method: digital_wallet, Payment method ID: 9
2025-05-09 17:14:57 - Validation failed: Invalid delivery method (delivery)
2025-05-09 17:14:57 - Customer ID: 1
2025-05-09 17:14:57 - Item: Classic Onion Burger, Photo Path: /Online-Fast-Food/Admin/Manage_Menu_Item/uploads/67f53fc11969d.jpg
2025-05-09 17:14:57 - Cart items: [{"item_id":1,"quantity":1,"price":"12.00","item_name":"Classic Onion Burger","photo":"uploads\/67f53fc11969d.jpg","category":"burger"}]
2025-05-09 17:14:57 - Calculated total: 12
2025-05-09 17:14:57 - Customer saved address: None
2025-05-09 17:14:57 - Received make_payment request: {"csrf_token":"1ce9a07d46710398aa5a2ec902045bba27795304d5cb6e34cba5d8ac80bd1345","delivery_method":"delivery","delivery_address":"Angkasa Nuri","payment_method_id":"9","method":"digital_wallet","amount":"12","make_payment":"1"}
2025-05-09 17:14:57 - Received amount: 12, Expected total: 12
2025-05-09 17:14:57 - Delivery method: delivery, Delivery address: Angkasa Nuri
2025-05-09 17:14:57 - Payment method: digital_wallet, Payment method ID: 9
2025-05-09 17:14:57 - Validation failed: Invalid delivery method (delivery)
2025-05-09 17:14:57 - Customer ID: 1
2025-05-09 17:14:57 - Item: Classic Onion Burger, Photo Path: /Online-Fast-Food/Admin/Manage_Menu_Item/uploads/67f53fc11969d.jpg
2025-05-09 17:14:57 - Cart items: [{"item_id":1,"quantity":1,"price":"12.00","item_name":"Classic Onion Burger","photo":"uploads\/67f53fc11969d.jpg","category":"burger"}]
2025-05-09 17:14:57 - Calculated total: 12
2025-05-09 17:14:58 - Customer saved address: None
2025-05-09 17:14:58 - Received make_payment request: {"csrf_token":"1ce9a07d46710398aa5a2ec902045bba27795304d5cb6e34cba5d8ac80bd1345","delivery_method":"delivery","delivery_address":"Angkasa Nuri","payment_method_id":"9","method":"digital_wallet","amount":"12","make_payment":"1"}
2025-05-09 17:14:58 - Received amount: 12, Expected total: 12
2025-05-09 17:14:58 - Delivery method: delivery, Delivery address: Angkasa Nuri
2025-05-09 17:14:58 - Payment method: digital_wallet, Payment method ID: 9
2025-05-09 17:14:58 - Validation failed: Invalid delivery method (delivery)
2025-05-09 17:14:58 - Customer ID: 1
2025-05-09 17:14:58 - Item: Classic Onion Burger, Photo Path: /Online-Fast-Food/Admin/Manage_Menu_Item/uploads/67f53fc11969d.jpg
2025-05-09 17:14:58 - Cart items: [{"item_id":1,"quantity":1,"price":"12.00","item_name":"Classic Onion Burger","photo":"uploads\/67f53fc11969d.jpg","category":"burger"}]
2025-05-09 17:14:58 - Calculated total: 12
2025-05-09 17:14:58 - Customer saved address: None
2025-05-09 17:14:58 - Received make_payment request: {"csrf_token":"1ce9a07d46710398aa5a2ec902045bba27795304d5cb6e34cba5d8ac80bd1345","delivery_method":"delivery","delivery_address":"Angkasa Nuri","payment_method_id":"9","method":"digital_wallet","amount":"12","make_payment":"1"}
2025-05-09 17:14:58 - Received amount: 12, Expected total: 12
2025-05-09 17:14:58 - Delivery method: delivery, Delivery address: Angkasa Nuri
2025-05-09 17:14:58 - Payment method: digital_wallet, Payment method ID: 9
2025-05-09 17:14:58 - Validation failed: Invalid delivery method (delivery)
2025-05-09 17:14:59 - Customer ID: 1
2025-05-09 17:14:59 - Item: Classic Onion Burger, Photo Path: /Online-Fast-Food/Admin/Manage_Menu_Item/uploads/67f53fc11969d.jpg
2025-05-09 17:14:59 - Cart items: [{"item_id":1,"quantity":1,"price":"12.00","item_name":"Classic Onion Burger","photo":"uploads\/67f53fc11969d.jpg","category":"burger"}]
2025-05-09 17:14:59 - Calculated total: 12
2025-05-09 17:14:59 - Customer saved address: None
2025-05-09 17:14:59 - Received make_payment request: {"csrf_token":"1ce9a07d46710398aa5a2ec902045bba27795304d5cb6e34cba5d8ac80bd1345","delivery_method":"delivery","delivery_address":"Angkasa Nuri","payment_method_id":"9","method":"digital_wallet","amount":"12","make_payment":"1"}
2025-05-09 17:14:59 - Received amount: 12, Expected total: 12
2025-05-09 17:14:59 - Delivery method: delivery, Delivery address: Angkasa Nuri
2025-05-09 17:14:59 - Payment method: digital_wallet, Payment method ID: 9
2025-05-09 17:14:59 - Validation failed: Invalid delivery method (delivery)
2025-05-09 17:15:02 - Customer ID: 1
2025-05-09 17:15:02 - Item: Classic Onion Burger, Photo Path: /Online-Fast-Food/Admin/Manage_Menu_Item/uploads/67f53fc11969d.jpg
2025-05-09 17:15:02 - Cart items: [{"item_id":1,"quantity":1,"price":"12.00","item_name":"Classic Onion Burger","photo":"uploads\/67f53fc11969d.jpg","category":"burger"}]
2025-05-09 17:15:02 - Calculated total: 12
2025-05-09 17:15:02 - Customer saved address: None
2025-05-09 17:15:02 - Received make_payment request: {"csrf_token":"1ce9a07d46710398aa5a2ec902045bba27795304d5cb6e34cba5d8ac80bd1345","delivery_method":"delivery","delivery_address":"Angkasa Nuri","payment_method_id":"9","method":"digital_wallet","amount":"12","make_payment":"1"}
2025-05-09 17:15:02 - Received amount: 12, Expected total: 12
2025-05-09 17:15:02 - Delivery method: delivery, Delivery address: Angkasa Nuri
2025-05-09 17:15:02 - Payment method: digital_wallet, Payment method ID: 9
2025-05-09 17:15:02 - Validation failed: Invalid delivery method (delivery)
2025-05-09 17:15:57 - Customer ID: 1
2025-05-09 17:15:57 - Item: Classic Onion Burger, Photo Path: /Online-Fast-Food/Admin/Manage_Menu_Item/uploads/67f53fc11969d.jpg
2025-05-09 17:15:57 - Cart items: [{"item_id":1,"quantity":1,"price":"12.00","item_name":"Classic Onion Burger","photo":"uploads\/67f53fc11969d.jpg","category":"burger"}]
2025-05-09 17:15:57 - Calculated total: 12
2025-05-09 17:15:57 - Customer saved address: None
2025-05-09 17:15:57 - Received make_payment request: {"csrf_token":"1ce9a07d46710398aa5a2ec902045bba27795304d5cb6e34cba5d8ac80bd1345","delivery_method":"delivery","delivery_address":"Angkasa Nuri","payment_method_id":"9","method":"digital_wallet","amount":"12","make_payment":"1"}
2025-05-09 17:15:57 - Received amount: 12, Expected total: 12
2025-05-09 17:15:57 - Delivery method: delivery, Delivery address: Angkasa Nuri
2025-05-09 17:15:57 - Payment method: digital_wallet, Payment method ID: 9
2025-05-09 17:15:57 - Validation failed: Invalid delivery method (delivery)
2025-05-09 17:19:53 - Customer ID: 1
2025-05-09 17:19:53 - Item: Classic Onion Burger, Photo Path: /Online-Fast-Food/Admin/Manage_Menu_Item/uploads/67f53fc11969d.jpg
2025-05-09 17:19:53 - Cart items: [{"item_id":1,"quantity":1,"price":"12.00","item_name":"Classic Onion Burger","photo":"uploads\/67f53fc11969d.jpg","category":"burger"}]
2025-05-09 17:19:53 - Calculated total: 12
2025-05-09 17:19:53 - Customer saved address: None
2025-05-09 17:19:58 - Customer ID: 1
2025-05-09 17:19:58 - Item: Classic Onion Burger, Photo Path: /Online-Fast-Food/Admin/Manage_Menu_Item/uploads/67f53fc11969d.jpg
2025-05-09 17:19:58 - Cart items: [{"item_id":1,"quantity":1,"price":"12.00","item_name":"Classic Onion Burger","photo":"uploads\/67f53fc11969d.jpg","category":"burger"}]
2025-05-09 17:19:58 - Calculated total: 12
2025-05-09 17:19:58 - Customer saved address: None
2025-05-09 17:19:58 - Received make_payment request: {"csrf_token":"1ce9a07d46710398aa5a2ec902045bba27795304d5cb6e34cba5d8ac80bd1345","delivery_method":"pickup","delivery_address":"","payment_method_id":"9","method":"digital_wallet","amount":"12","make_payment":"1"}
2025-05-09 17:19:58 - Received amount: 12, Expected total: 12
2025-05-09 17:19:58 - Delivery method: pickup, Delivery address: N/A
2025-05-09 17:19:58 - Payment method: digital_wallet, Payment method ID: 9
2025-05-09 17:19:58 - Delivery method validation passed: pickup
2025-05-09 17:19:58 - Delivery address validation passed: N/A
2025-05-09 17:19:58 - Generated order_id: ORD-681E1D1EB39F6
2025-05-09 17:19:58 - Executing SQL for orders insert: 
            INSERT INTO orders (order_id, customer_id, items, total, status, created_at)
            VALUES (?, ?, ?, ?, 'pending', NOW())
        
2025-05-09 17:19:58 - Inserting order_item: order_id=ORD-681E1D1EB39F6, item_id=1, quantity=1, price=12.00
2025-05-09 17:19:58 - Payment successful: order_id=ORD-681E1D1EB39F6
2025-05-09 17:20:21 - Customer ID: 1
2025-05-09 17:20:21 - Cart items: []
2025-05-09 17:20:21 - Calculated total: 0
2025-05-09 17:20:21 - Customer saved address: None
2025-05-09 17:20:21 - Received make_payment request: {"csrf_token":"1ce9a07d46710398aa5a2ec902045bba27795304d5cb6e34cba5d8ac80bd1345","delivery_method":"pickup","delivery_address":"","payment_method_id":"9","method":"digital_wallet","amount":"12","make_payment":"1"}
2025-05-09 17:20:21 - Validation failed: Cart is empty for customer_id=1
2025-05-09 17:20:28 - Customer ID: 1
2025-05-09 17:20:28 - Cart items: []
2025-05-09 17:20:28 - Calculated total: 0
2025-05-09 17:20:28 - Customer saved address: None
2025-05-09 17:20:28 - Received make_payment request: {"csrf_token":"1ce9a07d46710398aa5a2ec902045bba27795304d5cb6e34cba5d8ac80bd1345","delivery_method":"pickup","delivery_address":"","payment_method_id":"9","method":"digital_wallet","amount":"12","make_payment":"1"}
2025-05-09 17:20:28 - Validation failed: Cart is empty for customer_id=1
2025-05-09 17:20:35 - Customer ID: 1
2025-05-09 17:20:35 - Item: Charcoal-grilled burger, Photo Path: /Online-Fast-Food/Admin/Manage_Menu_Item/uploads/67f7498decaa2.jpg
2025-05-09 17:20:35 - Cart items: [{"item_id":3,"quantity":1,"price":"15.00","item_name":"Charcoal-grilled burger","photo":"uploads\/67f7498decaa2.jpg","category":"burger"}]
2025-05-09 17:20:35 - Calculated total: 15
2025-05-09 17:20:35 - Customer saved address: None
2025-05-09 17:20:38 - Customer ID: 1
2025-05-09 17:20:38 - Item: Charcoal-grilled burger, Photo Path: /Online-Fast-Food/Admin/Manage_Menu_Item/uploads/67f7498decaa2.jpg
2025-05-09 17:20:38 - Cart items: [{"item_id":3,"quantity":1,"price":"15.00","item_name":"Charcoal-grilled burger","photo":"uploads\/67f7498decaa2.jpg","category":"burger"}]
2025-05-09 17:20:38 - Calculated total: 15
2025-05-09 17:20:38 - Customer saved address: None
2025-05-09 17:20:38 - Received make_payment request: {"csrf_token":"1ce9a07d46710398aa5a2ec902045bba27795304d5cb6e34cba5d8ac80bd1345","delivery_method":"pickup","delivery_address":"","payment_method_id":"9","method":"digital_wallet","amount":"15","make_payment":"1"}
2025-05-09 17:20:38 - Received amount: 15, Expected total: 15
2025-05-09 17:20:38 - Delivery method: pickup, Delivery address: N/A
2025-05-09 17:20:38 - Payment method: digital_wallet, Payment method ID: 9
2025-05-09 17:20:38 - Delivery method validation passed: pickup
2025-05-09 17:20:38 - Delivery address validation passed: N/A
2025-05-09 17:20:38 - Generated order_id: ORD-681E1D4624976
2025-05-09 17:20:38 - Executing SQL for orders insert: 
            INSERT INTO orders (order_id, customer_id, items, total, status, created_at)
            VALUES (?, ?, ?, ?, 'pending', NOW())
        
2025-05-09 17:20:38 - Inserting order_item: order_id=ORD-681E1D4624976, item_id=3, quantity=1, price=15.00
2025-05-09 17:20:38 - Payment successful: order_id=ORD-681E1D4624976
2025-05-09 17:21:18 - Customer ID: 1
2025-05-09 17:21:18 - Cart items: []
2025-05-09 17:21:18 - Calculated total: 0
2025-05-09 17:21:18 - Customer saved address: None
2025-05-09 17:21:18 - Received make_payment request: {"csrf_token":"1ce9a07d46710398aa5a2ec902045bba27795304d5cb6e34cba5d8ac80bd1345","delivery_method":"pickup","delivery_address":"","payment_method_id":"9","method":"digital_wallet","amount":"15","make_payment":"1"}
2025-05-09 17:21:18 - Validation failed: Cart is empty for customer_id=1
2025-05-09 17:21:35 - Customer ID: 1
2025-05-09 17:21:35 - Item: Classic Onion Burger, Photo Path: /Online-Fast-Food/Admin/Manage_Menu_Item/uploads/67f53fc11969d.jpg
2025-05-09 17:21:35 - Cart items: [{"item_id":1,"quantity":1,"price":"12.00","item_name":"Classic Onion Burger","photo":"uploads\/67f53fc11969d.jpg","category":"burger"}]
2025-05-09 17:21:35 - Calculated total: 12
2025-05-09 17:21:35 - Customer saved address: None
2025-05-09 17:21:46 - Customer ID: 1
2025-05-09 17:21:46 - Item: Classic Onion Burger, Photo Path: /Online-Fast-Food/Admin/Manage_Menu_Item/uploads/67f53fc11969d.jpg
2025-05-09 17:21:46 - Cart items: [{"item_id":1,"quantity":1,"price":"12.00","item_name":"Classic Onion Burger","photo":"uploads\/67f53fc11969d.jpg","category":"burger"}]
2025-05-09 17:21:46 - Calculated total: 12
2025-05-09 17:21:46 - Customer saved address: None
2025-05-09 17:21:46 - Attempting to add payment method: method_type=digital_wallet
2025-05-09 17:21:46 - Duplicate payment method detected for customer_id=1, method_type=digital_wallet
2025-05-09 17:21:58 - Customer ID: 1
2025-05-09 17:21:58 - Item: Classic Onion Burger, Photo Path: /Online-Fast-Food/Admin/Manage_Menu_Item/uploads/67f53fc11969d.jpg
2025-05-09 17:21:58 - Cart items: [{"item_id":1,"quantity":1,"price":"12.00","item_name":"Classic Onion Burger","photo":"uploads\/67f53fc11969d.jpg","category":"burger"}]
2025-05-09 17:21:58 - Calculated total: 12
2025-05-09 17:21:58 - Customer saved address: None
2025-05-09 17:21:58 - Received make_payment request: {"csrf_token":"1ce9a07d46710398aa5a2ec902045bba27795304d5cb6e34cba5d8ac80bd1345","delivery_method":"delivery","delivery_address":"Angkasa Nuri","payment_method_id":"9","method":"digital_wallet","amount":"12","make_payment":"1"}
2025-05-09 17:21:58 - Received amount: 12, Expected total: 12
2025-05-09 17:21:58 - Delivery method: delivery, Delivery address: Angkasa Nuri
2025-05-09 17:21:58 - Payment method: digital_wallet, Payment method ID: 9
2025-05-09 17:21:58 - Delivery method validation passed: delivery
2025-05-09 17:21:58 - Delivery address validation passed: Angkasa Nuri
2025-05-09 17:21:58 - Saved delivery address for customer_id=1: Angkasa Nuri
2025-05-09 17:21:58 - Generated order_id: ORD-681E1D9632F13
2025-05-09 17:21:58 - Executing SQL for orders insert: 
            INSERT INTO orders (order_id, customer_id, items, total, status, created_at)
            VALUES (?, ?, ?, ?, 'pending', NOW())
        
2025-05-09 17:21:58 - Inserting order_item: order_id=ORD-681E1D9632F13, item_id=1, quantity=1, price=12.00
2025-05-09 17:21:58 - Payment successful: order_id=ORD-681E1D9632F13
2025-05-09 17:26:08 - Customer ID: 1
2025-05-09 17:26:08 - Cart items: []
2025-05-09 17:26:08 - Calculated total: 0
2025-05-09 17:26:08 - Customer saved address: Angkasa Nuri
2025-05-09 17:26:15 - Customer ID: 1
2025-05-09 17:26:15 - Item: Charcoal-grilled burger, Photo Path: /Online-Fast-Food/Admin/Manage_Menu_Item/uploads/67f7498decaa2.jpg
2025-05-09 17:26:15 - Cart items: [{"item_id":3,"quantity":1,"price":"15.00","item_name":"Charcoal-grilled burger","photo":"uploads\/67f7498decaa2.jpg","category":"burger"}]
2025-05-09 17:26:15 - Calculated total: 15
2025-05-09 17:26:15 - Customer saved address: Angkasa Nuri
2025-05-09 17:26:20 - Customer ID: 1
2025-05-09 17:26:20 - Item: Charcoal-grilled burger, Photo Path: /Online-Fast-Food/Admin/Manage_Menu_Item/uploads/67f7498decaa2.jpg
2025-05-09 17:26:20 - Cart items: [{"item_id":3,"quantity":1,"price":"15.00","item_name":"Charcoal-grilled burger","photo":"uploads\/67f7498decaa2.jpg","category":"burger"}]
2025-05-09 17:26:20 - Calculated total: 15
2025-05-09 17:26:20 - Customer saved address: Angkasa Nuri
2025-05-09 17:26:20 - Received make_payment request: {"csrf_token":"1ce9a07d46710398aa5a2ec902045bba27795304d5cb6e34cba5d8ac80bd1345","delivery_method":"delivery","delivery_address":"Angkasa Nuri","payment_method_id":"9","method":"digital_wallet","amount":"15","make_payment":"1"}
2025-05-09 17:26:20 - Received amount: 15, Expected total: 15
2025-05-09 17:26:20 - Delivery method: delivery, Delivery address: Angkasa Nuri
2025-05-09 17:26:20 - Payment method: digital_wallet, Payment method ID: 9
2025-05-09 17:26:20 - Delivery method validation passed: delivery
2025-05-09 17:26:20 - Delivery address validation passed: Angkasa Nuri
2025-05-09 17:26:20 - Saved delivery address for customer_id=1: Angkasa Nuri
2025-05-09 17:26:20 - Generated order_id: ORD-681E1E9C3146D
2025-05-09 17:26:20 - Executing SQL for orders insert: 
            INSERT INTO orders (order_id, customer_id, items, total, status, created_at)
            VALUES (?, ?, ?, ?, 'pending', NOW())
        
2025-05-09 17:26:20 - Inserting order_item: order_id=ORD-681E1E9C3146D, item_id=3, quantity=1, price=15.00
2025-05-09 17:26:20 - Payment successful: order_id=ORD-681E1E9C3146D
2025-05-09 17:34:04 - Customer ID: 1
2025-05-09 17:34:04 - Cart items: []
2025-05-09 17:34:04 - Calculated total: 0
2025-05-09 17:34:04 - Customer saved address: Angkasa Nuri
2025-05-09 17:34:10 - Customer ID: 1
2025-05-09 17:34:10 - Item: Crispy Chicken Burger, Photo Path: /Online-Fast-Food/Admin/Manage_Menu_Item/uploads/67f7403a6e20b.jpg
2025-05-09 17:34:10 - Item: Classic Onion Burger, Photo Path: /Online-Fast-Food/Admin/Manage_Menu_Item/uploads/67f53fc11969d.jpg
2025-05-09 17:34:10 - Cart items: [{"item_id":2,"quantity":1,"price":"14.00","item_name":"Crispy Chicken Burger","photo":"uploads\/67f7403a6e20b.jpg","category":"burger"},{"item_id":1,"quantity":1,"price":"12.00","item_name":"Classic Onion Burger","photo":"uploads\/67f53fc11969d.jpg","category":"burger"}]
2025-05-09 17:34:10 - Calculated total: 26
2025-05-09 17:34:10 - Customer saved address: Angkasa Nuri
2025-05-09 17:34:16 - Customer ID: 1
2025-05-09 17:34:16 - Item: Crispy Chicken Burger, Photo Path: /Online-Fast-Food/Admin/Manage_Menu_Item/uploads/67f7403a6e20b.jpg
2025-05-09 17:34:16 - Item: Classic Onion Burger, Photo Path: /Online-Fast-Food/Admin/Manage_Menu_Item/uploads/67f53fc11969d.jpg
2025-05-09 17:34:16 - Cart items: [{"item_id":2,"quantity":1,"price":"14.00","item_name":"Crispy Chicken Burger","photo":"uploads\/67f7403a6e20b.jpg","category":"burger"},{"item_id":1,"quantity":1,"price":"12.00","item_name":"Classic Onion Burger","photo":"uploads\/67f53fc11969d.jpg","category":"burger"}]
2025-05-09 17:34:16 - Calculated total: 26
2025-05-09 17:34:16 - Customer saved address: Angkasa Nuri
2025-05-09 17:34:16 - Received make_payment request: {"csrf_token":"1ce9a07d46710398aa5a2ec902045bba27795304d5cb6e34cba5d8ac80bd1345","delivery_method":"pickup","delivery_address":"Angkasa Nuri","payment_method_id":"9","method":"digital_wallet","amount":"26","make_payment":"1"}
2025-05-09 17:34:16 - Received amount: 26, Expected total: 26
2025-05-09 17:34:16 - Delivery method: pickup, Delivery address: N/A
2025-05-09 17:34:16 - Payment method: digital_wallet, Payment method ID: 9
2025-05-09 17:34:16 - Delivery method validation passed: pickup
2025-05-09 17:34:16 - Delivery address validation passed: N/A
2025-05-09 17:34:16 - Generated order_id: ORD-681E207877F98
2025-05-09 17:34:16 - Executing SQL for orders insert: 
            INSERT INTO orders (order_id, customer_id, items, total, status, created_at)
            VALUES (?, ?, ?, ?, 'pending', NOW())
        
2025-05-09 17:34:16 - Inserting order_item: order_id=ORD-681E207877F98, item_id=2, quantity=1, price=14.00
2025-05-09 17:34:16 - Inserting order_item: order_id=ORD-681E207877F98, item_id=1, quantity=1, price=12.00
2025-05-09 17:34:16 - Payment successful: order_id=ORD-681E207877F98
2025-05-09 17:34:18 - Customer ID: 1
2025-05-09 17:34:18 - Cart items: []
2025-05-09 17:34:18 - Calculated total: 0
2025-05-09 17:34:18 - Customer saved address: Angkasa Nuri
2025-05-14 16:36:12 - Customer ID: 1
2025-05-14 16:36:12 - Item: Charcoal-grilled burger, Photo Path: /Online-Fast-Food/Admin/Manage_Menu_Item/uploads/67f7498decaa2.jpg
2025-05-14 16:36:12 - Cart items: [{"item_id":3,"quantity":1,"price":"15.00","item_name":"Charcoal-grilled burger","photo":"uploads\/67f7498decaa2.jpg","category":"burger"}]
2025-05-14 16:36:12 - Calculated total: 15
2025-05-14 16:36:12 - Customer saved address: Angkasa Nuri
2025-05-14 16:36:23 - Customer ID: 1
2025-05-14 16:36:23 - Item: Charcoal-grilled burger, Photo Path: /Online-Fast-Food/Admin/Manage_Menu_Item/uploads/67f7498decaa2.jpg
2025-05-14 16:36:23 - Cart items: [{"item_id":3,"quantity":1,"price":"15.00","item_name":"Charcoal-grilled burger","photo":"uploads\/67f7498decaa2.jpg","category":"burger"}]
2025-05-14 16:36:23 - Calculated total: 15
2025-05-14 16:36:23 - Customer saved address: Angkasa Nuri
2025-05-14 16:36:23 - Received make_payment request: {"csrf_token":"dece8e2601caf30a9a37056c1562c09b8703ab1765ee71bed4190c3327238373","delivery_method":"delivery","delivery_address":"Angkasa Nuri","payment_method_id":"9","method":"digital_wallet","amount":"15","make_payment":"1"}
2025-05-14 16:36:23 - Received amount: 15, Expected total: 15
2025-05-14 16:36:23 - Delivery method: delivery, Delivery address: Angkasa Nuri
2025-05-14 16:36:23 - Payment method: digital_wallet, Payment method ID: 9
2025-05-14 16:36:23 - Delivery method validation passed: delivery
2025-05-14 16:36:23 - Delivery address validation passed: Angkasa Nuri
2025-05-14 16:36:23 - Saved delivery address for customer_id=1: Angkasa Nuri
2025-05-14 16:36:23 - Generated order_id: ORD-6824AA6774AB7
2025-05-14 16:36:23 - Executing SQL for orders insert: 
            INSERT INTO orders (order_id, customer_id, items, total, status, created_at)
            VALUES (?, ?, ?, ?, 'pending', NOW())
        
2025-05-14 16:36:23 - Inserting order_item: order_id=ORD-6824AA6774AB7, item_id=3, quantity=1, price=15.00
2025-05-14 16:36:23 - Payment successful: order_id=ORD-6824AA6774AB7
2025-05-14 16:48:04 - Customer ID: 1
2025-05-14 16:48:04 - Cart items: []
2025-05-14 16:48:04 - Calculated total: 0
2025-05-14 16:48:04 - Customer saved address: Angkasa Nuri
2025-05-15 04:47:30 - Customer ID: 1
2025-05-15 04:47:31 - Item: Charcoal-grilled burger, Photo Path: /Online-Fast-Food/Admin/Manage_Menu_Item/uploads/67f7498decaa2.jpg
2025-05-15 04:47:31 - Item: Classic Onion Burger, Photo Path: /Online-Fast-Food/Admin/Manage_Menu_Item/uploads/67f53fc11969d.jpg
2025-05-15 04:47:31 - Cart items: [{"item_id":3,"quantity":1,"price":"15.00","item_name":"Charcoal-grilled burger","photo":"uploads\/67f7498decaa2.jpg","category":"burger"},{"item_id":1,"quantity":1,"price":"12.00","item_name":"Classic Onion Burger","photo":"uploads\/67f53fc11969d.jpg","category":"burger"}]
2025-05-15 04:47:31 - Calculated total: 27
2025-05-15 04:47:31 - Customer saved address: Angkasa Nuri
2025-05-15 04:49:11 - Customer ID: 1
2025-05-15 04:49:11 - Item: Charcoal-grilled burger, Photo Path: /Online-Fast-Food/Admin/Manage_Menu_Item/uploads/67f7498decaa2.jpg
2025-05-15 04:49:11 - Item: Classic Onion Burger, Photo Path: /Online-Fast-Food/Admin/Manage_Menu_Item/uploads/67f53fc11969d.jpg
2025-05-15 04:49:11 - Cart items: [{"item_id":3,"quantity":1,"price":"15.00","item_name":"Charcoal-grilled burger","photo":"uploads\/67f7498decaa2.jpg","category":"burger"},{"item_id":1,"quantity":1,"price":"12.00","item_name":"Classic Onion Burger","photo":"uploads\/67f53fc11969d.jpg","category":"burger"}]
2025-05-15 04:49:11 - Calculated total: 27
2025-05-15 04:49:11 - Customer saved address: Angkasa Nuri
2025-05-15 04:49:11 - Attempting to add payment method: method_type=digital_wallet
2025-05-15 04:49:11 - Duplicate payment method detected for customer_id=1, method_type=digital_wallet
2025-05-15 04:50:44 - Customer ID: 1
2025-05-15 04:50:44 - Item: Charcoal-grilled burger, Photo Path: /Online-Fast-Food/Admin/Manage_Menu_Item/uploads/67f7498decaa2.jpg
2025-05-15 04:50:44 - Item: Classic Onion Burger, Photo Path: /Online-Fast-Food/Admin/Manage_Menu_Item/uploads/67f53fc11969d.jpg
2025-05-15 04:50:44 - Cart items: [{"item_id":3,"quantity":1,"price":"15.00","item_name":"Charcoal-grilled burger","photo":"uploads\/67f7498decaa2.jpg","category":"burger"},{"item_id":1,"quantity":1,"price":"12.00","item_name":"Classic Onion Burger","photo":"uploads\/67f53fc11969d.jpg","category":"burger"}]
2025-05-15 04:50:44 - Calculated total: 27
2025-05-15 04:50:44 - Customer saved address: Angkasa Nuri
2025-05-15 04:50:44 - Received make_payment request: {"csrf_token":"a4621e556bb521ea11f8e4c6c075b889a46ebfc0c0e9c9e75b88eddb5a39d29d","delivery_method":"delivery","delivery_address":"Angkasa Nuri","payment_method_id":"9","method":"digital_wallet","amount":"27","make_payment":"1"}
2025-05-15 04:50:44 - Received amount: 27, Expected total: 27
2025-05-15 04:50:44 - Delivery method: delivery, Delivery address: Angkasa Nuri
2025-05-15 04:50:44 - Payment method: digital_wallet, Payment method ID: 9
2025-05-15 04:50:44 - Delivery method validation passed: delivery
2025-05-15 04:50:44 - Delivery address validation passed: Angkasa Nuri
2025-05-15 04:50:44 - Saved delivery address for customer_id=1: Angkasa Nuri
2025-05-15 04:50:44 - Generated order_id: ORD-682556844CF28
2025-05-15 04:50:44 - Executing SQL for orders insert: 
            INSERT INTO orders (order_id, customer_id, items, total, status, created_at)
            VALUES (?, ?, ?, ?, 'pending', NOW())
        
2025-05-15 04:50:44 - Inserting order_item: order_id=ORD-682556844CF28, item_id=3, quantity=1, price=15.00
2025-05-15 04:50:44 - Inserting order_item: order_id=ORD-682556844CF28, item_id=1, quantity=1, price=12.00
2025-05-15 04:50:44 - Payment successful: order_id=ORD-682556844CF28
2025-05-16 15:37:39 - Customer ID: 1
2025-05-16 15:37:39 - Item: Charcoal-grilled burger, Photo Path: /Online-Fast-Food/Admin/Manage_Menu_Item/uploads/67f7498decaa2.jpg
2025-05-16 15:37:39 - Item: Classic Onion Burger, Photo Path: /Online-Fast-Food/Admin/Manage_Menu_Item/uploads/67f53fc11969d.jpg
2025-05-16 15:37:39 - Cart items: [{"item_id":3,"quantity":1,"price":"15.00","item_name":"Charcoal-grilled burger","photo":"uploads\/67f7498decaa2.jpg","category":"burger"},{"item_id":1,"quantity":1,"price":"12.00","item_name":"Classic Onion Burger","photo":"uploads\/67f53fc11969d.jpg","category":"burger"}]
2025-05-16 15:37:39 - Calculated total: 27
2025-05-16 15:37:39 - Customer saved address: Angkasa Nuri
2025-05-16 15:39:46 - Customer ID: 1
2025-05-16 15:39:46 - Item: Charcoal-grilled burger, Photo Path: /Online-Fast-Food/Admin/Manage_Menu_Item/uploads/67f7498decaa2.jpg
2025-05-16 15:39:46 - Item: Classic Onion Burger, Photo Path: /Online-Fast-Food/Admin/Manage_Menu_Item/uploads/67f53fc11969d.jpg
2025-05-16 15:39:46 - Cart items: [{"item_id":3,"quantity":1,"price":"15.00","item_name":"Charcoal-grilled burger","photo":"uploads\/67f7498decaa2.jpg","category":"burger"},{"item_id":1,"quantity":1,"price":"12.00","item_name":"Classic Onion Burger","photo":"uploads\/67f53fc11969d.jpg","category":"burger"}]
2025-05-16 15:39:46 - Calculated total: 27
2025-05-16 15:39:46 - Customer saved address: Angkasa Nuri
2025-05-16 15:42:19 - Customer ID: 1
2025-05-16 15:42:19 - Item: Charcoal-grilled burger, Photo Path: /Online-Fast-Food/Admin/Manage_Menu_Item/uploads/67f7498decaa2.jpg
2025-05-16 15:42:19 - Item: Classic Onion Burger, Photo Path: /Online-Fast-Food/Admin/Manage_Menu_Item/uploads/67f53fc11969d.jpg
2025-05-16 15:42:19 - Cart items: [{"item_id":3,"quantity":1,"price":"15.00","item_name":"Charcoal-grilled burger","photo":"uploads\/67f7498decaa2.jpg","category":"burger"},{"item_id":1,"quantity":1,"price":"12.00","item_name":"Classic Onion Burger","photo":"uploads\/67f53fc11969d.jpg","category":"burger"}]
2025-05-16 15:42:19 - Calculated total: 27
2025-05-16 15:42:19 - Customer saved address: Angkasa Nuri
2025-05-16 15:42:19 - Received make_payment request: {"csrf_token":"0b24a51ba478bfe5847cfd506ec5f745f41a3ec58053ea8a8b80e7c5c64e574a","delivery_method":"delivery","delivery_address":"Angkasa Nuri","payment_method_id":"3","method":"card","amount":"27","make_payment":"1"}
2025-05-16 15:42:19 - Received amount: 27, Expected total: 27
2025-05-16 15:42:19 - Delivery method: delivery, Delivery address: Angkasa Nuri
2025-05-16 15:42:19 - Payment method: card, Payment method ID: 3
2025-05-16 15:42:19 - Delivery method validation passed: delivery
2025-05-16 15:42:19 - Delivery address validation passed: Angkasa Nuri
2025-05-16 15:42:19 - Saved delivery address for customer_id=1: Angkasa Nuri
2025-05-16 15:42:19 - Generated order_id: ORD-682740BB28138
2025-05-16 15:42:19 - Executing SQL for orders insert: 
            INSERT INTO orders (order_id, customer_id, items, total, status, created_at)
            VALUES (?, ?, ?, ?, 'pending', NOW())
        
2025-05-16 15:42:19 - Inserting order_item: order_id=ORD-682740BB28138, item_id=3, quantity=1, price=15.00
2025-05-16 15:42:19 - Inserting order_item: order_id=ORD-682740BB28138, item_id=1, quantity=1, price=12.00
2025-05-16 15:42:19 - Payment successful: order_id=ORD-682740BB28138
2025-05-16 16:17:54 - Customer ID: 1
2025-05-16 16:17:54 - Item: Crispy Chicken Burger, Photo Path: /Online-Fast-Food/Admin/Manage_Menu_Item/uploads/67f7403a6e20b.jpg
2025-05-16 16:17:54 - Cart items: [{"item_id":2,"quantity":1,"price":"14.00","item_name":"Crispy Chicken Burger","photo":"uploads\/67f7403a6e20b.jpg","category":"burger"}]
2025-05-16 16:17:54 - Calculated total: 14
2025-05-16 16:17:54 - Customer saved address: Angkasa Nuri
2025-05-16 16:19:50 - Customer ID: 1
2025-05-16 16:19:50 - Item: Crispy Chicken Burger, Photo Path: /Online-Fast-Food/Admin/Manage_Menu_Item/uploads/67f7403a6e20b.jpg
2025-05-16 16:19:50 - Cart items: [{"item_id":2,"quantity":1,"price":"14.00","item_name":"Crispy Chicken Burger","photo":"uploads\/67f7403a6e20b.jpg","category":"burger"}]
2025-05-16 16:19:50 - Calculated total: 14
2025-05-16 16:19:50 - Customer saved address: Angkasa Nuri
2025-05-16 16:30:48 - Item: Crispy Chicken Burger, Photo: /Online-Fast-Food/Admin/Manage_Menu_Item/uploads/67f7403a6e20b.jpg
2025-05-16 16:30:48 - Customer address: Angkasa Nuri
2025-05-16 16:31:06 - Item: Crispy Chicken Burger, Photo: /Online-Fast-Food/Admin/Manage_Menu_Item/uploads/67f7403a6e20b.jpg
2025-05-16 16:31:06 - Customer address: Angkasa Nuri
2025-05-16 16:38:23 - Item: Crispy Chicken Burger, Photo: /Online-Fast-Food/Admin/Manage_Menu_Item/uploads/67f7403a6e20b.jpg
2025-05-16 16:38:23 - Customer address: Angkasa Nuri
2025-05-16 16:38:30 - Item: Crispy Chicken Burger, Photo: /Online-Fast-Food/Admin/Manage_Menu_Item/uploads/67f7403a6e20b.jpg
2025-05-16 16:38:30 - Customer address: Angkasa Nuri
2025-05-16 16:44:55 - Customer ID: 1
2025-05-16 16:44:55 - Item: Crispy Chicken Burger, Photo Path: /Online-Fast-Food/Admin/Manage_Menu_Item/uploads/67f7403a6e20b.jpg
2025-05-16 16:44:55 - Cart items: [{"item_id":2,"quantity":1,"price":"14.00","item_name":"Crispy Chicken Burger","photo":"uploads\/67f7403a6e20b.jpg","category":"burger"}]
2025-05-16 16:44:55 - Calculated total: 14
2025-05-16 16:44:55 - Customer saved address: Angkasa Nuri
2025-05-16 16:50:04 - Customer ID: 1
2025-05-16 16:50:04 - Item: Crispy Chicken Burger, Photo Path: /Online-Fast-Food/Admin/Manage_Menu_Item/uploads/67f7403a6e20b.jpg
2025-05-16 16:50:04 - Cart items: [{"item_id":2,"quantity":1,"price":"14.00","item_name":"Crispy Chicken Burger","photo":"uploads\/67f7403a6e20b.jpg","category":"burger"}]
2025-05-16 16:50:04 - Calculated total: 14
2025-05-16 16:50:04 - Customer saved address: Angkasa Nuri
2025-05-16 17:18:12 - Customer ID: 1
2025-05-16 17:18:12 - Item: Crispy Chicken Burger, Photo Path: /Online-Fast-Food/Admin/Manage_Menu_Item/uploads/67f7403a6e20b.jpg
2025-05-16 17:18:12 - Cart items: [{"item_id":2,"quantity":1,"price":"14.00","item_name":"Crispy Chicken Burger","photo":"uploads\/67f7403a6e20b.jpg","category":"burger"}]
2025-05-16 17:18:12 - Calculated total: 14
2025-05-16 17:18:12 - Customer saved address: Angkasa Nuri
2025-05-16 17:18:58 - Customer ID: 1
2025-05-16 17:18:58 - Item: Crispy Chicken Burger, Photo Path: /Online-Fast-Food/Admin/Manage_Menu_Item/uploads/67f7403a6e20b.jpg
2025-05-16 17:18:58 - Cart items: [{"item_id":2,"quantity":1,"price":"14.00","item_name":"Crispy Chicken Burger","photo":"uploads\/67f7403a6e20b.jpg","category":"burger"}]
2025-05-16 17:18:58 - Calculated total: 14
2025-05-16 17:18:58 - Customer saved address: Angkasa Nuri
2025-05-17 03:03:18 - Customer ID: 1
2025-05-17 03:03:18 - Item: Crispy Chicken Burger, Photo Path: /Online-Fast-Food/Admin/Manage_Menu_Item/uploads/67f7403a6e20b.jpg
2025-05-17 03:03:18 - Cart items: [{"item_id":2,"quantity":1,"price":"14.00","item_name":"Crispy Chicken Burger","photo":"uploads\/67f7403a6e20b.jpg","category":"burger"}]
2025-05-17 03:03:18 - Calculated total: 14
2025-05-17 03:03:18 - Customer saved address: Angkasa Nuri
2025-05-17 03:04:34 - Customer ID: 1
2025-05-17 03:04:34 - Item: Crispy Chicken Burger, Photo Path: /Online-Fast-Food/Admin/Manage_Menu_Item/uploads/67f7403a6e20b.jpg
2025-05-17 03:04:34 - Cart items: [{"item_id":2,"quantity":1,"price":"14.00","item_name":"Crispy Chicken Burger","photo":"uploads\/67f7403a6e20b.jpg","category":"burger"}]
2025-05-17 03:04:34 - Calculated total: 14
2025-05-17 03:04:34 - Customer saved address: Angkasa Nuri
2025-05-17 09:52:14 - Customer ID: 1
2025-05-17 09:52:14 - Item: Crispy Chicken Burger, Photo Path: /Online-Fast-Food/Admin/Manage_Menu_Item/uploads/67f7403a6e20b.jpg
2025-05-17 09:52:14 - Cart items: [{"item_id":2,"quantity":1,"price":"14.00","item_name":"Crispy Chicken Burger","photo":"uploads\/67f7403a6e20b.jpg","category":"burger"}]
2025-05-17 09:52:14 - Calculated total: 14
2025-05-17 09:52:14 - Customer saved address: Angkasa Nuri
2025-05-17 09:52:24 - Customer ID: 1
2025-05-17 09:52:24 - Item: Crispy Chicken Burger, Photo Path: /Online-Fast-Food/Admin/Manage_Menu_Item/uploads/67f7403a6e20b.jpg
2025-05-17 09:52:24 - Cart items: [{"item_id":2,"quantity":1,"price":"14.00","item_name":"Crispy Chicken Burger","photo":"uploads\/67f7403a6e20b.jpg","category":"burger"}]
2025-05-17 09:52:24 - Calculated total: 14
2025-05-17 09:52:24 - Customer saved address: Angkasa Nuri
2025-05-17 11:03:10 - Customer ID: 1
2025-05-17 11:03:10 - Item: Crispy Chicken Burger, Photo Path: /Online-Fast-Food/Admin/Manage_Menu_Item/uploads/67f7403a6e20b.jpg
2025-05-17 11:03:10 - Cart items: [{"item_id":2,"quantity":1,"price":"14.00","item_name":"Crispy Chicken Burger","photo":"uploads\/67f7403a6e20b.jpg","category":"burger"}]
2025-05-17 11:03:10 - Calculated total: 14
2025-05-17 11:03:10 - Customer saved address: Angkasa Nuri
2025-05-17 11:03:15 - Customer ID: 1
2025-05-17 11:03:15 - Item: Crispy Chicken Burger, Photo Path: /Online-Fast-Food/Admin/Manage_Menu_Item/uploads/67f7403a6e20b.jpg
2025-05-17 11:03:15 - Cart items: [{"item_id":2,"quantity":1,"price":"14.00","item_name":"Crispy Chicken Burger","photo":"uploads\/67f7403a6e20b.jpg","category":"burger"}]
2025-05-17 11:03:15 - Calculated total: 14
2025-05-17 11:03:15 - Customer saved address: Angkasa Nuri
2025-05-17 11:03:29 - Customer ID: 1
2025-05-17 11:03:29 - Item: Crispy Chicken Burger, Photo Path: /Online-Fast-Food/Admin/Manage_Menu_Item/uploads/67f7403a6e20b.jpg
2025-05-17 11:03:29 - Cart items: [{"item_id":2,"quantity":1,"price":"14.00","item_name":"Crispy Chicken Burger","photo":"uploads\/67f7403a6e20b.jpg","category":"burger"}]
2025-05-17 11:03:29 - Calculated total: 14
2025-05-17 11:03:29 - Customer saved address: Angkasa Nuri
2025-05-17 11:09:31 - Customer ID: 1
2025-05-17 11:09:31 - Item: Crispy Chicken Burger, Photo Path: /Online-Fast-Food/Admin/Manage_Menu_Item/uploads/67f7403a6e20b.jpg
2025-05-17 11:09:31 - Cart items: [{"item_id":2,"quantity":1,"price":"14.00","item_name":"Crispy Chicken Burger","photo":"uploads\/67f7403a6e20b.jpg","category":"burger"}]
2025-05-17 11:09:31 - Calculated total: 14
2025-05-17 11:09:31 - Customer saved address: Angkasa Nuri
2025-05-17 11:09:54 - Customer ID: 1
2025-05-17 11:09:54 - Item: Crispy Chicken Burger, Photo Path: /Online-Fast-Food/Admin/Manage_Menu_Item/uploads/67f7403a6e20b.jpg
2025-05-17 11:09:54 - Cart items: [{"item_id":2,"quantity":1,"price":"14.00","item_name":"Crispy Chicken Burger","photo":"uploads\/67f7403a6e20b.jpg","category":"burger"}]
2025-05-17 11:09:54 - Calculated total: 14
2025-05-17 11:09:54 - Customer saved address: Angkasa Nuri
2025-05-17 11:09:54 - Attempting to add payment method: method_type=digital_wallet
2025-05-17 11:09:54 - Duplicate payment method detected for customer_id=1, method_type=digital_wallet
2025-05-17 11:09:55 - Customer ID: 1
2025-05-17 11:09:55 - Item: Crispy Chicken Burger, Photo Path: /Online-Fast-Food/Admin/Manage_Menu_Item/uploads/67f7403a6e20b.jpg
2025-05-17 11:09:55 - Cart items: [{"item_id":2,"quantity":1,"price":"14.00","item_name":"Crispy Chicken Burger","photo":"uploads\/67f7403a6e20b.jpg","category":"burger"}]
2025-05-17 11:09:55 - Calculated total: 14
2025-05-17 11:09:55 - Customer saved address: Angkasa Nuri
2025-05-17 11:09:55 - Attempting to add payment method: method_type=digital_wallet
2025-05-17 11:09:55 - Duplicate payment method detected for customer_id=1, method_type=digital_wallet
2025-05-17 11:13:49 - Customer ID: 1
2025-05-17 11:13:49 - Item: Crispy Chicken Burger, Photo Path: /Online-Fast-Food/Admin/Manage_Menu_Item/uploads/67f7403a6e20b.jpg
2025-05-17 11:13:49 - Cart items: [{"item_id":2,"quantity":1,"price":"14.00","item_name":"Crispy Chicken Burger","photo":"uploads\/67f7403a6e20b.jpg","category":"burger"}]
2025-05-17 11:13:49 - Calculated total: 14
2025-05-17 11:13:49 - Customer saved address: Angkasa Nuri
2025-05-17 11:15:13 - Customer ID: 1
2025-05-17 11:15:13 - Item: Crispy Chicken Burger, Photo Path: /Online-Fast-Food/Admin/Manage_Menu_Item/uploads/67f7403a6e20b.jpg
2025-05-17 11:15:13 - Cart items: [{"item_id":2,"quantity":1,"price":"14.00","item_name":"Crispy Chicken Burger","photo":"uploads\/67f7403a6e20b.jpg","category":"burger"}]
2025-05-17 11:15:13 - Calculated total: 14
2025-05-17 11:15:13 - Customer saved address: Angkasa Nuri
2025-05-17 11:22:16 - Customer ID: 1
2025-05-17 11:22:16 - Item: Crispy Chicken Burger, Photo Path: /Online-Fast-Food/Admin/Manage_Menu_Item/uploads/67f7403a6e20b.jpg
2025-05-17 11:22:16 - Cart items: [{"item_id":2,"quantity":1,"price":"14.00","item_name":"Crispy Chicken Burger","photo":"uploads\/67f7403a6e20b.jpg","category":"burger"}]
2025-05-17 11:22:16 - Calculated total: 14
2025-05-17 11:22:16 - Customer saved address: Angkasa Nuri
2025-05-17 11:22:21 - Customer ID: 1
2025-05-17 11:22:21 - Item: Crispy Chicken Burger, Photo Path: /Online-Fast-Food/Admin/Manage_Menu_Item/uploads/67f7403a6e20b.jpg
2025-05-17 11:22:21 - Cart items: [{"item_id":2,"quantity":1,"price":"14.00","item_name":"Crispy Chicken Burger","photo":"uploads\/67f7403a6e20b.jpg","category":"burger"}]
2025-05-17 11:22:21 - Calculated total: 14
2025-05-17 11:22:21 - Customer saved address: Angkasa Nuri
2025-05-17 11:30:01 - Customer ID: 1
2025-05-17 11:30:01 - Item: Crispy Chicken Burger, Photo Path: /Online-Fast-Food/Admin/Manage_Menu_Item/uploads/67f7403a6e20b.jpg
2025-05-17 11:30:01 - Cart items: [{"item_id":2,"quantity":1,"price":"14.00","item_name":"Crispy Chicken Burger","photo":"uploads\/67f7403a6e20b.jpg","category":"burger"}]
2025-05-17 11:30:01 - Calculated total: 14
2025-05-17 11:30:01 - Customer saved address: Angkasa Nuri
2025-05-17 11:30:10 - Customer ID: 1
2025-05-17 11:30:10 - Item: Crispy Chicken Burger, Photo Path: /Online-Fast-Food/Admin/Manage_Menu_Item/uploads/67f7403a6e20b.jpg
2025-05-17 11:30:10 - Cart items: [{"item_id":2,"quantity":1,"price":"14.00","item_name":"Crispy Chicken Burger","photo":"uploads\/67f7403a6e20b.jpg","category":"burger"}]
2025-05-17 11:30:10 - Calculated total: 14
2025-05-17 11:30:10 - Customer saved address: Angkasa Nuri
2025-05-17 11:30:10 - Received make_payment request: {"csrf_token":"3b1693051837df0f8b983a25b5ad665aa9d71b87ff71d29dc7f9ef058412397a","delivery_method":"pickup","delivery_address":"Angkasa Nuri","payment_method_id":"","method":"","amount":"14","make_payment":"1"}
2025-05-17 11:30:10 - Received amount: 14, Expected total: 14
2025-05-17 11:30:10 - Delivery method: pickup, Delivery address: N/A
2025-05-17 11:30:10 - Payment method: , Payment method ID: 0
2025-05-17 11:30:10 - Validation failed: Invalid payment method ()
2025-05-17 11:30:12 - Customer ID: 1
2025-05-17 11:30:12 - Item: Crispy Chicken Burger, Photo Path: /Online-Fast-Food/Admin/Manage_Menu_Item/uploads/67f7403a6e20b.jpg
2025-05-17 11:30:12 - Cart items: [{"item_id":2,"quantity":1,"price":"14.00","item_name":"Crispy Chicken Burger","photo":"uploads\/67f7403a6e20b.jpg","category":"burger"}]
2025-05-17 11:30:12 - Calculated total: 14
2025-05-17 11:30:12 - Customer saved address: Angkasa Nuri
2025-05-17 11:31:19 - Customer ID: 1
2025-05-17 11:31:19 - Item: Crispy Chicken Burger, Photo Path: /Online-Fast-Food/Admin/Manage_Menu_Item/uploads/67f7403a6e20b.jpg
2025-05-17 11:31:19 - Cart items: [{"item_id":2,"quantity":1,"price":"14.00","item_name":"Crispy Chicken Burger","photo":"uploads\/67f7403a6e20b.jpg","category":"burger"}]
2025-05-17 11:31:19 - Calculated total: 14
2025-05-17 11:31:19 - Customer saved address: Angkasa Nuri
2025-05-17 11:31:20 - Customer ID: 1
2025-05-17 11:31:20 - Item: Crispy Chicken Burger, Photo Path: /Online-Fast-Food/Admin/Manage_Menu_Item/uploads/67f7403a6e20b.jpg
2025-05-17 11:31:20 - Cart items: [{"item_id":2,"quantity":1,"price":"14.00","item_name":"Crispy Chicken Burger","photo":"uploads\/67f7403a6e20b.jpg","category":"burger"}]
2025-05-17 11:31:20 - Calculated total: 14
2025-05-17 11:31:20 - Customer saved address: Angkasa Nuri
2025-05-17 11:31:20 - Received make_payment request: {"csrf_token":"3b1693051837df0f8b983a25b5ad665aa9d71b87ff71d29dc7f9ef058412397a","delivery_method":"pickup","delivery_address":"Angkasa Nuri","payment_method_id":"","method":"","amount":"14","make_payment":"1"}
2025-05-17 11:31:20 - Received amount: 14, Expected total: 14
2025-05-17 11:31:20 - Delivery method: pickup, Delivery address: N/A
2025-05-17 11:31:20 - Payment method: , Payment method ID: 0
2025-05-17 11:31:20 - Validation failed: Invalid payment method ()
2025-05-17 11:35:25 - Customer ID: 1
2025-05-17 11:35:25 - Cart items: [{"item_id":2,"quantity":1,"price":"14.00","item_name":"Crispy Chicken Burger","photo":"uploads\/67f7403a6e20b.jpg"}]
2025-05-17 11:35:25 - Total: 14
2025-05-17 11:35:25 - Address: Angkasa Nuri
2025-05-17 11:35:26 - Customer ID: 1
2025-05-17 11:35:26 - Cart items: [{"item_id":2,"quantity":1,"price":"14.00","item_name":"Crispy Chicken Burger","photo":"uploads\/67f7403a6e20b.jpg"}]
2025-05-17 11:35:26 - Total: 14
2025-05-17 11:35:26 - Address: Angkasa Nuri
2025-05-17 11:40:32 - Customer ID: 1
2025-05-17 11:40:32 - Cart items: [{"item_id":2,"quantity":1,"price":"14.00","item_name":"Crispy Chicken Burger","photo":"uploads\/67f7403a6e20b.jpg"}]
2025-05-17 11:40:32 - Total: 14
2025-05-17 11:40:32 - Address: Angkasa Nuri
2025-05-17 11:40:53 - Customer ID: 1
2025-05-17 11:40:53 - Cart items: [{"item_id":2,"quantity":1,"price":"14.00","item_name":"Crispy Chicken Burger","photo":"uploads\/67f7403a6e20b.jpg"}]
2025-05-17 11:40:53 - Total: 14
2025-05-17 11:40:53 - Address: Angkasa Nuri
2025-05-17 11:42:36 - Customer ID: 1
2025-05-17 11:42:36 - Cart items: [{"item_id":2,"quantity":1,"price":"14.00","item_name":"Crispy Chicken Burger","photo":"uploads\/67f7403a6e20b.jpg"}]
2025-05-17 11:42:36 - Total: 14
2025-05-17 11:42:36 - Address: Angkasa Nuri
2025-05-17 12:43:23 - Error fetching customer address: Unknown column 'state' in 'field list'
2025-05-17 12:43:23 - Error fetching payment methods: Unknown column 'card_number' in 'field list'
2025-05-17 12:49:53 - Error fetching customer address: Unknown column 'state' in 'field list'
2025-05-17 12:49:53 - Customer ID: 1, Cart items: [{"item_id":2,"quantity":1,"price":"14.00","item_name":"Crispy Chicken Burger","photo":"uploads\/67f7403a6e20b.jpg","category":"burger"}]
2025-05-17 12:49:53 - Total: 14, Address: {"street_address":"","city":"","postal_code":"","state":""}
2025-05-17 12:50:10 - Error fetching customer address: Unknown column 'state' in 'field list'
2025-05-17 12:50:10 - Customer ID: 1, Cart items: [{"item_id":2,"quantity":1,"price":"14.00","item_name":"Crispy Chicken Burger","photo":"uploads\/67f7403a6e20b.jpg","category":"burger"}]
2025-05-17 12:50:10 - Total: 14, Address: {"street_address":"","city":"","postal_code":"","state":""}
2025-05-17 12:50:10 - Payment successful: order_id=ORD-682869E20B9FD
2025-05-17 12:50:23 - Error fetching customer address: Unknown column 'state' in 'field list'
2025-05-17 12:50:23 - Customer ID: 1, Cart items: []
2025-05-17 12:50:23 - Total: 0, Address: {"street_address":"","city":"","postal_code":"","state":""}
2025-05-17 12:50:33 - Error fetching customer address: Unknown column 'state' in 'field list'
2025-05-17 12:50:33 - Customer ID: 1, Cart items: [{"item_id":1,"quantity":1,"price":"12.00","item_name":"Classic Onion Burger","photo":"uploads\/67f53fc11969d.jpg","category":"burger"}]
2025-05-17 12:50:33 - Total: 12, Address: {"street_address":"","city":"","postal_code":"","state":""}
2025-05-17 12:52:06 - Error fetching customer address: Unknown column 'state' in 'field list'
2025-05-17 12:52:06 - Customer ID: 1, Cart items: [{"item_id":1,"quantity":1,"price":"12.00","item_name":"Classic Onion Burger","photo":"uploads\/67f53fc11969d.jpg","category":"burger"}]
2025-05-17 12:52:06 - Total: 12, Address: {"street_address":"","city":"","postal_code":"","state":""}
2025-05-17 12:52:06 - Payment successful: order_id=ORD-68286A56DE783
2025-05-17 13:48:27 - Customer ID: 1
2025-05-17 13:48:27 - Customer saved address: {"street_address":"Angkasa Nuri","city":"","state":"","postal_code":""}
2025-05-17 13:48:27 - Cart items: []
2025-05-17 13:48:27 - Calculated total: 0
2025-05-17 13:48:38 - Customer ID: 1
2025-05-17 13:48:38 - Customer saved address: {"street_address":"Angkasa Nuri","city":"","state":"","postal_code":""}
2025-05-17 13:48:38 - Item: Classic Onion Burger, Photo Path: /Online-Fast-Food/Admin/Manage_Menu_Item/uploads/67f53fc11969d.jpg
2025-05-17 13:48:38 - Cart items: [{"item_id":1,"quantity":1,"price":"12.00","item_name":"Classic Onion Burger","photo":"uploads\/67f53fc11969d.jpg","category":"burger"}]
2025-05-17 13:48:38 - Calculated total: 12
2025-05-17 13:56:48 - Customer ID: 1
2025-05-17 13:56:48 - Customer saved address: {"street_address":"Angkasa Nuri","city":"","postal_code":""}
2025-05-17 13:56:48 - Item: Classic Onion Burger, Photo Path: /Online-Fast-Food/Admin/Manage_Menu_Item/uploads/67f53fc11969d.jpg
2025-05-17 13:56:48 - Cart items: [{"item_id":1,"quantity":1,"price":"12.00","item_name":"Classic Onion Burger","photo":"uploads\/67f53fc11969d.jpg","category":"burger"}]
2025-05-17 13:56:48 - Calculated total: 12
2025-05-17 13:56:59 - Customer ID: 1
2025-05-17 13:56:59 - Customer saved address: {"street_address":"Angkasa Nuri","city":"","postal_code":""}
2025-05-17 13:56:59 - Item: Classic Onion Burger, Photo Path: /Online-Fast-Food/Admin/Manage_Menu_Item/uploads/67f53fc11969d.jpg
2025-05-17 13:56:59 - Cart items: [{"item_id":1,"quantity":1,"price":"12.00","item_name":"Classic Onion Burger","photo":"uploads\/67f53fc11969d.jpg","category":"burger"}]
2025-05-17 13:56:59 - Calculated total: 12
2025-05-17 13:56:59 - Received make_payment request: {"csrf_token":"3b1693051837df0f8b983a25b5ad665aa9d71b87ff71d29dc7f9ef058412397a","delivery_method":"delivery","delivery_street_address":"Angkasa Nuri","delivery_city":"Kuala Lumpur","delivery_postal_code":"50450","save_address":"1","payment_method_id":"3","method":"card","amount":"12","make_payment":"1"}
2025-05-17 13:56:59 - Received amount: 12, Expected total: 12
2025-05-17 13:56:59 - Delivery method: delivery, Delivery address: {"street_address":"Angkasa Nuri","city":"Kuala Lumpur","postal_code":"50450"}
2025-05-17 13:56:59 - Save address: Yes
2025-05-17 13:56:59 - Payment method: card, Payment method ID: 3
2025-05-17 13:56:59 - Saved delivery address for customer_id=1: {"street_address":"Angkasa Nuri","city":"Kuala Lumpur","postal_code":"50450"}
2025-05-17 13:56:59 - Generated order_id: ORD-6828798B96011
2025-05-17 13:56:59 - Payment successful: order_id=ORD-6828798B96011
2025-05-17 14:41:57 - Customer ID: 1
2025-05-17 14:41:57 - Customer saved address: {"street_address":"Angkasa Nuri","city":"Kuala Lumpur","postal_code":"50450"}
2025-05-17 14:41:57 - Cart items: []
2025-05-17 14:41:57 - Calculated total: 0
2025-05-17 14:42:00 - Customer ID: 1
2025-05-17 14:42:00 - Customer saved address: {"street_address":"Angkasa Nuri","city":"Kuala Lumpur","postal_code":"50450"}
2025-05-17 14:42:00 - Cart items: []
2025-05-17 14:42:00 - Calculated total: 0
2025-05-17 14:42:01 - Customer ID: 1
2025-05-17 14:42:01 - Customer saved address: {"street_address":"Angkasa Nuri","city":"Kuala Lumpur","postal_code":"50450"}
2025-05-17 14:42:01 - Cart items: []
2025-05-17 14:42:01 - Calculated total: 0
2025-05-17 15:14:20 - Customer ID: 1
2025-05-17 15:14:20 - Customer saved address: {"street_address":"Angkasa Nuri","city":"Kuala Lumpur","postal_code":"50450"}
2025-05-17 15:14:20 - Item: Charcoal-grilled burger, Photo Path: /Online-Fast-Food/Admin/Manage_Menu_Item/uploads/67f7498decaa2.jpg
2025-05-17 15:14:20 - Cart items: [{"item_id":3,"quantity":1,"price":"15.00","item_name":"Charcoal-grilled burger","photo":"uploads\/67f7498decaa2.jpg","category":"burger"}]
2025-05-17 15:14:20 - Calculated total: 15
2025-05-17 15:14:24 - Customer ID: 1
2025-05-17 15:14:24 - Customer saved address: {"street_address":"Angkasa Nuri","city":"Kuala Lumpur","postal_code":"50450"}
2025-05-17 15:14:24 - Item: Charcoal-grilled burger, Photo Path: /Online-Fast-Food/Admin/Manage_Menu_Item/uploads/67f7498decaa2.jpg
2025-05-17 15:14:24 - Cart items: [{"item_id":3,"quantity":1,"price":"15.00","item_name":"Charcoal-grilled burger","photo":"uploads\/67f7498decaa2.jpg","category":"burger"}]
2025-05-17 15:14:24 - Calculated total: 15
2025-05-17 15:14:24 - Received make_payment request: {"csrf_token":"590aa9d9ffdb445a4eea4a7ac549a69448bc82e447ee8b31601eb5b06e975cf6","delivery_method":"pickup","delivery_street_address":"Angkasa Nuri","delivery_city":"Kuala Lumpur","delivery_postal_code":"50450","payment_method_id":"3","method":"card","amount":"15","make_payment":"1"}
2025-05-17 15:14:24 - Received amount: 15, Expected total: 15
2025-05-17 15:14:24 - Delivery method: pickup, Delivery address: {"street_address":"Angkasa Nuri","city":"Kuala Lumpur","postal_code":"50450"}
2025-05-17 15:14:24 - Save address: No
2025-05-17 15:14:24 - Payment method: card, Payment method ID: 3
2025-05-17 15:14:24 - Generated order_id: ORD-68288BB09FC83
2025-05-17 15:14:24 - Payment successful: order_id=ORD-68288BB09FC83
2025-05-18 04:59:48 - Customer ID: 1
2025-05-18 04:59:48 - Customer saved address: {"street_address":"Angkasa Nuri","city":"Kuala Lumpur","postal_code":"50450"}
2025-05-18 04:59:48 - Item: Charcoal-grilled burger, Photo Path: /Online-Fast-Food/Admin/Manage_Menu_Item/uploads/67f7498decaa2.jpg
2025-05-18 04:59:48 - Cart items: [{"item_id":3,"quantity":2,"price":"15.00","item_name":"Charcoal-grilled burger","photo":"uploads\/67f7498decaa2.jpg","category":"burger"}]
2025-05-18 04:59:48 - Calculated total: 30
2025-05-18 04:59:54 - Customer ID: 1
2025-05-18 04:59:54 - Customer saved address: {"street_address":"Angkasa Nuri","city":"Kuala Lumpur","postal_code":"50450"}
2025-05-18 04:59:54 - Item: Charcoal-grilled burger, Photo Path: /Online-Fast-Food/Admin/Manage_Menu_Item/uploads/67f7498decaa2.jpg
2025-05-18 04:59:54 - Cart items: [{"item_id":3,"quantity":2,"price":"15.00","item_name":"Charcoal-grilled burger","photo":"uploads\/67f7498decaa2.jpg","category":"burger"}]
2025-05-18 04:59:54 - Calculated total: 30
2025-05-18 04:59:54 - Received make_payment request: {"csrf_token":"590aa9d9ffdb445a4eea4a7ac549a69448bc82e447ee8b31601eb5b06e975cf6","delivery_method":"delivery","delivery_street_address":"Angkasa Nuri","delivery_city":"Kuala Lumpur","delivery_postal_code":"50450","save_address":"1","payment_method_id":"8","method":"card","amount":"30","make_payment":"1"}
2025-05-18 04:59:54 - Received amount: 30, Expected total: 30
2025-05-18 04:59:54 - Delivery method: delivery, Delivery address: {"street_address":"Angkasa Nuri","city":"Kuala Lumpur","postal_code":"50450"}
2025-05-18 04:59:54 - Save address: Yes
2025-05-18 04:59:54 - Payment method: card, Payment method ID: 8
2025-05-18 04:59:54 - Saved delivery address for customer_id=1: {"street_address":"Angkasa Nuri","city":"Kuala Lumpur","postal_code":"50450"}
2025-05-18 04:59:54 - Generated order_id: ORD-68294D2AA806D
2025-05-18 04:59:54 - Payment successful: order_id=ORD-68294D2AA806D
2025-05-18 05:26:42 - Customer ID: 1
2025-05-18 05:26:42 - Customer saved address: {"street_address":"Angkasa Nuri","city":"Kuala Lumpur","postal_code":"50450"}
2025-05-18 05:26:42 - Cart items: []
2025-05-18 05:26:42 - Calculated total: 0
2025-05-18 05:26:49 - Customer ID: 1
2025-05-18 05:26:49 - Customer saved address: {"street_address":"Angkasa Nuri","city":"Kuala Lumpur","postal_code":"50450"}
2025-05-18 05:26:49 - Item: Charcoal-grilled burger, Photo Path: /Online-Fast-Food/Admin/Manage_Menu_Item/uploads/67f7498decaa2.jpg
2025-05-18 05:26:49 - Cart items: [{"item_id":3,"quantity":1,"price":"15.00","item_name":"Charcoal-grilled burger","photo":"uploads\/67f7498decaa2.jpg","category":"burger"}]
2025-05-18 05:26:49 - Calculated total: 15
2025-05-18 05:26:54 - Customer ID: 1
2025-05-18 05:26:54 - Customer saved address: {"street_address":"Angkasa Nuri","city":"Kuala Lumpur","postal_code":"50450"}
2025-05-18 05:26:54 - Item: Charcoal-grilled burger, Photo Path: /Online-Fast-Food/Admin/Manage_Menu_Item/uploads/67f7498decaa2.jpg
2025-05-18 05:26:54 - Cart items: [{"item_id":3,"quantity":1,"price":"15.00","item_name":"Charcoal-grilled burger","photo":"uploads\/67f7498decaa2.jpg","category":"burger"}]
2025-05-18 05:26:54 - Calculated total: 15
2025-05-18 05:26:54 - Received make_payment request: {"csrf_token":"590aa9d9ffdb445a4eea4a7ac549a69448bc82e447ee8b31601eb5b06e975cf6","delivery_method":"pickup","delivery_street_address":"Angkasa Nuri","delivery_city":"Kuala Lumpur","delivery_postal_code":"50450","payment_method_id":"3","method":"card","amount":"15","make_payment":"1"}
2025-05-18 05:26:54 - Received amount: 15, Expected total: 15
2025-05-18 05:26:54 - Delivery method: pickup, Delivery address: {"street_address":"Angkasa Nuri","city":"Kuala Lumpur","postal_code":"50450"}
2025-05-18 05:26:54 - Save address: No
2025-05-18 05:26:54 - Payment method: card, Payment method ID: 3
2025-05-18 05:26:54 - Generated order_id: ORD-6829537E041BE
2025-05-18 05:26:54 - Payment successful: order_id=ORD-6829537E041BE
2025-05-20 06:01:37 - Customer ID: 1
2025-05-20 06:01:37 - Customer saved address: {"street_address":"Angkasa Nuri","city":"Kuala Lumpur","postal_code":"50450"}
2025-05-20 06:01:37 - Item: Charcoal-grilled burger, Photo Path: /Online-Fast-Food/Admin/Manage_Menu_Item/uploads/67f7498decaa2.jpg
2025-05-20 06:01:37 - Item: Classic Onion Burger, Photo Path: /Online-Fast-Food/Admin/Manage_Menu_Item/uploads/67f53fc11969d.jpg
2025-05-20 06:01:37 - Cart items: [{"item_id":3,"quantity":1,"price":"15.00","item_name":"Charcoal-grilled burger","photo":"uploads\/67f7498decaa2.jpg","category":"burger"},{"item_id":1,"quantity":1,"price":"12.00","item_name":"Classic Onion Burger","photo":"uploads\/67f53fc11969d.jpg","category":"burger"}]
2025-05-20 06:01:37 - Calculated total: 27
2025-05-20 06:02:05 - Customer ID: 1
2025-05-20 06:02:05 - Customer saved address: {"street_address":"Angkasa Nuri","city":"Kuala Lumpur","postal_code":"50450"}
2025-05-20 06:02:05 - Item: Charcoal-grilled burger, Photo Path: /Online-Fast-Food/Admin/Manage_Menu_Item/uploads/67f7498decaa2.jpg
2025-05-20 06:02:05 - Item: Classic Onion Burger, Photo Path: /Online-Fast-Food/Admin/Manage_Menu_Item/uploads/67f53fc11969d.jpg
2025-05-20 06:02:05 - Cart items: [{"item_id":3,"quantity":1,"price":"15.00","item_name":"Charcoal-grilled burger","photo":"uploads\/67f7498decaa2.jpg","category":"burger"},{"item_id":1,"quantity":1,"price":"12.00","item_name":"Classic Onion Burger","photo":"uploads\/67f53fc11969d.jpg","category":"burger"}]
2025-05-20 06:02:05 - Calculated total: 27
2025-05-20 06:02:05 - Received make_payment request: {"csrf_token":"7777fc8bd501ef4c94a6a7ce33f8892de4120dbb053304956466204bdb0ec100","delivery_method":"delivery","delivery_street_address":"4501, Angkasa Nuri","delivery_city":"Kuala Lumpur","delivery_postal_code":"50450","save_address":"1","payment_method_id":"3","method":"card","amount":"27","make_payment":"1"}
2025-05-20 06:02:05 - Received amount: 27, Expected total: 27
2025-05-20 06:02:05 - Delivery method: delivery, Delivery address: {"street_address":"4501, Angkasa Nuri","city":"Kuala Lumpur","postal_code":"50450"}
2025-05-20 06:02:05 - Save address: Yes
2025-05-20 06:02:05 - Payment method: card, Payment method ID: 3
2025-05-20 06:02:05 - Saved delivery address for customer_id=1: {"street_address":"4501, Angkasa Nuri","city":"Kuala Lumpur","postal_code":"50450"}
2025-05-20 06:02:05 - Generated order_id: ORD-682BFEBDD1703
2025-05-20 06:02:05 - Payment successful: order_id=ORD-682BFEBDD1703
2025-05-20 06:02:23 - Customer ID: 1
2025-05-20 06:02:23 - Customer saved address: {"street_address":"4501, Angkasa Nuri","city":"Kuala Lumpur","postal_code":"50450"}
2025-05-20 06:02:23 - Cart items: []
2025-05-20 06:02:23 - Calculated total: 0
2025-05-20 06:02:52 - Customer ID: 1
2025-05-20 06:02:52 - Customer saved address: {"street_address":"4501, Angkasa Nuri","city":"Kuala Lumpur","postal_code":"50450"}
2025-05-20 06:02:52 - Cart items: []
2025-05-20 06:02:52 - Calculated total: 0
2025-05-20 06:03:00 - Customer ID: 1
2025-05-20 06:03:00 - Customer saved address: {"street_address":"4501, Angkasa Nuri","city":"Kuala Lumpur","postal_code":"50450"}
2025-05-20 06:03:00 - Item: Classic Onion Burger, Photo Path: /Online-Fast-Food/Admin/Manage_Menu_Item/uploads/67f53fc11969d.jpg
2025-05-20 06:03:00 - Item: Crispy Chicken Burger, Photo Path: /Online-Fast-Food/Admin/Manage_Menu_Item/uploads/67f7403a6e20b.jpg
2025-05-20 06:03:00 - Cart items: [{"item_id":1,"quantity":1,"price":"12.00","item_name":"Classic Onion Burger","photo":"uploads\/67f53fc11969d.jpg","category":"burger"},{"item_id":2,"quantity":1,"price":"14.00","item_name":"Crispy Chicken Burger","photo":"uploads\/67f7403a6e20b.jpg","category":"burger"}]
2025-05-20 06:03:00 - Calculated total: 26
2025-05-20 06:04:28 - Customer ID: 1
2025-05-20 06:04:28 - Customer saved address: {"street_address":"4501, Angkasa Nuri","city":"Kuala Lumpur","postal_code":"50450"}
2025-05-20 06:04:28 - Item: Classic Onion Burger, Photo Path: /Online-Fast-Food/Admin/Manage_Menu_Item/uploads/67f53fc11969d.jpg
2025-05-20 06:04:28 - Item: Crispy Chicken Burger, Photo Path: /Online-Fast-Food/Admin/Manage_Menu_Item/uploads/67f7403a6e20b.jpg
2025-05-20 06:04:28 - Cart items: [{"item_id":1,"quantity":1,"price":"12.00","item_name":"Classic Onion Burger","photo":"uploads\/67f53fc11969d.jpg","category":"burger"},{"item_id":2,"quantity":1,"price":"14.00","item_name":"Crispy Chicken Burger","photo":"uploads\/67f7403a6e20b.jpg","category":"burger"}]
2025-05-20 06:04:28 - Calculated total: 26
2025-05-20 06:04:28 - Attempting to add payment method: method_type=digital_wallet
2025-05-20 06:04:28 - Duplicate payment method detected for customer_id=1, method_type=digital_wallet
2025-05-20 06:04:53 - Customer ID: 1
2025-05-20 06:04:53 - Customer saved address: {"street_address":"4501, Angkasa Nuri","city":"Kuala Lumpur","postal_code":"50450"}
2025-05-20 06:04:53 - Item: Classic Onion Burger, Photo Path: /Online-Fast-Food/Admin/Manage_Menu_Item/uploads/67f53fc11969d.jpg
2025-05-20 06:04:53 - Item: Crispy Chicken Burger, Photo Path: /Online-Fast-Food/Admin/Manage_Menu_Item/uploads/67f7403a6e20b.jpg
2025-05-20 06:04:53 - Cart items: [{"item_id":1,"quantity":1,"price":"12.00","item_name":"Classic Onion Burger","photo":"uploads\/67f53fc11969d.jpg","category":"burger"},{"item_id":2,"quantity":1,"price":"14.00","item_name":"Crispy Chicken Burger","photo":"uploads\/67f7403a6e20b.jpg","category":"burger"}]
2025-05-20 06:04:53 - Calculated total: 26
2025-05-20 06:05:19 - Customer ID: 1
2025-05-20 06:05:19 - Customer saved address: {"street_address":"4501, Angkasa Nuri","city":"Kuala Lumpur","postal_code":"50450"}
2025-05-20 06:05:19 - Item: Classic Onion Burger, Photo Path: /Online-Fast-Food/Admin/Manage_Menu_Item/uploads/67f53fc11969d.jpg
2025-05-20 06:05:19 - Item: Crispy Chicken Burger, Photo Path: /Online-Fast-Food/Admin/Manage_Menu_Item/uploads/67f7403a6e20b.jpg
2025-05-20 06:05:19 - Cart items: [{"item_id":1,"quantity":1,"price":"12.00","item_name":"Classic Onion Burger","photo":"uploads\/67f53fc11969d.jpg","category":"burger"},{"item_id":2,"quantity":1,"price":"14.00","item_name":"Crispy Chicken Burger","photo":"uploads\/67f7403a6e20b.jpg","category":"burger"}]
2025-05-20 06:05:19 - Calculated total: 26
2025-05-20 06:05:19 - Received make_payment request: {"csrf_token":"7777fc8bd501ef4c94a6a7ce33f8892de4120dbb053304956466204bdb0ec100","delivery_method":"delivery","delivery_street_address":"4501, Angkasa Nuri","delivery_city":"Kuala Lumpur","delivery_postal_code":"50450","payment_method_id":"9","method":"digital_wallet","amount":"26","make_payment":"1"}
2025-05-20 06:05:19 - Received amount: 26, Expected total: 26
2025-05-20 06:05:19 - Delivery method: delivery, Delivery address: {"street_address":"4501, Angkasa Nuri","city":"Kuala Lumpur","postal_code":"50450"}
2025-05-20 06:05:19 - Save address: No
2025-05-20 06:05:19 - Payment method: digital_wallet, Payment method ID: 9
2025-05-20 06:05:19 - Generated order_id: ORD-682BFF7F8F844
2025-05-20 06:05:19 - Payment successful: order_id=ORD-682BFF7F8F844
