2025-05-05 17:29:00 - Request received: GET
2025-05-05 17:29:00 - No customer_id in session, redirecting to login.php
2025-05-05 17:29:44 - Request received: GET
2025-05-05 17:29:44 - No order_id provided, redirecting to payment_history.php
2025-05-06 08:54:09 - Request received: GET
2025-05-06 08:54:10 - No order_id provided, redirecting to payment_history.php
2025-05-06 09:47:16 - Request received: GET
2025-05-06 09:47:16 - No order_id provided, redirecting to payment_history.php
2025-05-06 09:52:40 - Request received: GET
2025-05-06 09:52:40 - Fetched items for order_id: ORD-6819BA29AE081 - [{"item_id":2,"quantity":2,"price":"14.00","item_name":"Crispy Chicken Burger","photo":"uploads\/67f7403a6e20b.jpg"}]
2025-05-06 09:54:04 - Request received: GET
2025-05-06 09:54:04 - Fetched items for order_id: ORD-6819BA29AE081 - [{"item_id":2,"quantity":2,"price":"14.00","item_name":"Crispy Chicken Burger","photo":"uploads\/67f7403a6e20b.jpg"}]
2025-05-06 09:55:37 - Request received: GET
2025-05-06 09:55:37 - Fetched items for order_id: ORD-6819BA29AE081 - [{"item_id":2,"quantity":2,"price":14,"item_name":"Crispy Chicken Burger","photo":"uploads\/67f7403a6e20b.jpg"}]
2025-05-06 09:56:21 - Request received: POST
2025-05-06 09:56:21 - Fetched items for order_id: ORD-6819BA29AE081 - [{"item_id":2,"quantity":2,"price":14,"item_name":"Crispy Chicken Burger","photo":"uploads\/67f7403a6e20b.jpg"}]
2025-05-06 09:57:59 - Request received: GET
2025-05-06 09:58:00 - Fetched items for order_id: ORD-6819BA29AE081 - [{"item_id":2,"quantity":2,"price":14,"item_name":"Crispy Chicken Burger","photo":"uploads\/67f7403a6e20b.jpg"}]
2025-05-06 09:58:02 - Request received: GET
2025-05-06 09:58:02 - Fetched items for order_id: ORD-6819BA29AE081 - [{"item_id":2,"quantity":2,"price":14,"item_name":"Crispy Chicken Burger","photo":"uploads\/67f7403a6e20b.jpg"}]
