2025-05-01 11:39:12 - Customer ID in session: 1
2025-05-01 11:39:12 - Generated refund link: ../refund.php?order_id=ORD-6813356FBBE63
2025-05-01 11:39:12 - Generated refund link: ../refund.php?order_id=ORD-68133254354AA
2025-05-01 11:39:12 - Generated refund link: ../refund.php?order_id=ORD-6813323CD29F6
2025-05-01 11:39:25 - Customer ID in session: 1
2025-05-01 11:39:25 - Generated refund link: ../refund.php?order_id=ORD-6813356FBBE63
2025-05-01 11:39:25 - Generated refund link: ../refund.php?order_id=ORD-68133254354AA
2025-05-01 11:39:25 - Generated refund link: ../refund.php?order_id=ORD-6813323CD29F6
2025-05-01 11:39:28 - Customer ID in session: 1
2025-05-01 11:39:28 - Generated refund link: ../refund.php?order_id=ORD-6813356FBBE63
2025-05-01 11:39:28 - Generated refund link: ../refund.php?order_id=ORD-68133254354AA
2025-05-01 11:39:28 - Generated refund link: ../refund.php?order_id=ORD-6813323CD29F6
2025-05-01 11:39:29 - Customer ID in session: 1
2025-05-01 11:39:29 - Generated refund link: ../refund.php?order_id=ORD-6813356FBBE63
2025-05-01 11:39:29 - Generated refund link: ../refund.php?order_id=ORD-68133254354AA
2025-05-01 11:39:29 - Generated refund link: ../refund.php?order_id=ORD-6813323CD29F6
2025-05-01 11:41:54 - Customer ID in session: 1
2025-05-01 11:41:54 - Generated refund link: ../refund.php?order_id=ORD-6813356FBBE63
2025-05-01 11:41:54 - Generated refund link: ../refund.php?order_id=ORD-68133254354AA
2025-05-01 11:41:54 - Generated refund link: ../refund.php?order_id=ORD-6813323CD29F6
2025-05-01 11:46:21 - Customer ID in session: 1
2025-05-01 11:46:21 - Generated refund link: ../refund.php?order_id=ORD-6813356FBBE63
2025-05-01 11:46:21 - Generated refund link: ../refund.php?order_id=ORD-68133254354AA
2025-05-01 11:46:21 - Generated refund link: ../refund.php?order_id=ORD-6813323CD29F6
2025-05-01 15:38:58 - Customer ID in session: 1
2025-05-01 15:38:58 - Generated refund link: ../refund.php?order_id=ORD-6813356FBBE63
2025-05-01 15:38:58 - Generated refund link: ../refund.php?order_id=ORD-68133254354AA
2025-05-01 15:38:58 - Generated refund link: ../refund.php?order_id=ORD-6813323CD29F6
2025-05-01 15:41:45 - Customer ID in session: 1
2025-05-01 15:41:45 - Generated refund link: ../refund.php?order_id=ORD-6813356FBBE63
2025-05-01 15:41:45 - Generated refund link: ../refund.php?order_id=ORD-68133254354AA
2025-05-01 15:41:45 - Generated refund link: ../refund.php?order_id=ORD-6813323CD29F6
2025-05-01 15:41:48 - Customer ID in session: 1
2025-05-01 15:41:48 - Generated refund link: ../refund.php?order_id=ORD-6813356FBBE63
2025-05-01 15:41:48 - Generated refund link: ../refund.php?order_id=ORD-68133254354AA
2025-05-01 15:41:48 - Generated refund link: ../refund.php?order_id=ORD-6813323CD29F6
2025-05-01 15:50:52 - Customer ID in session: 1
2025-05-01 15:50:52 - Generated refund link: ../refund.php?order_id=ORD-68137C1B55D30
2025-05-01 15:50:52 - Generated refund link: ../refund.php?order_id=ORD-6813356FBBE63
2025-05-01 15:50:52 - Generated refund link: ../refund.php?order_id=ORD-68133254354AA
2025-05-01 15:50:52 - Generated refund link: ../refund.php?order_id=ORD-6813323CD29F6
2025-05-01 15:52:00 - Customer ID in session: 1
2025-05-01 15:52:00 - Generated refund link: ../refund.php?order_id=ORD-68137C1B55D30
2025-05-01 15:52:00 - Generated refund link: ../refund.php?order_id=ORD-6813356FBBE63
2025-05-01 15:52:00 - Generated refund link: ../refund.php?order_id=ORD-68133254354AA
2025-05-01 15:52:00 - Generated refund link: ../refund.php?order_id=ORD-6813323CD29F6
2025-05-01 15:54:25 - Customer ID in session: 1
2025-05-01 15:54:25 - Generated refund link: ../refund.php?order_id=ORD-68137C1B55D30
2025-05-01 15:54:25 - Generated refund link: ../refund.php?order_id=ORD-6813356FBBE63
2025-05-01 15:54:25 - Generated refund link: ../refund.php?order_id=ORD-68133254354AA
2025-05-01 15:54:25 - Generated refund link: ../refund.php?order_id=ORD-6813323CD29F6
2025-05-01 15:55:31 - Customer ID in session: 1
2025-05-01 15:55:31 - Generated refund link: refund.php?order_id=ORD-68137C1B55D30
2025-05-01 15:55:31 - Generated refund link: refund.php?order_id=ORD-6813356FBBE63
2025-05-01 15:55:31 - Generated refund link: refund.php?order_id=ORD-68133254354AA
2025-05-01 15:55:31 - Generated refund link: refund.php?order_id=ORD-6813323CD29F6
2025-05-01 16:31:38 - Customer ID in session: 1
2025-05-01 16:31:38 - Generated refund link: refund.php?order_id=ORD-6813356FBBE63
2025-05-01 16:31:38 - Generated refund link: refund.php?order_id=ORD-68133254354AA
2025-05-01 16:31:38 - Generated refund link: refund.php?order_id=ORD-6813323CD29F6
2025-05-01 16:31:45 - Customer ID in session: 1
2025-05-01 16:31:45 - Generated refund link: refund.php?order_id=ORD-6813356FBBE63
2025-05-01 16:31:45 - Generated refund link: refund.php?order_id=ORD-68133254354AA
2025-05-01 16:31:45 - Generated refund link: refund.php?order_id=ORD-6813323CD29F6
2025-05-01 16:31:55 - Customer ID in session: 1
2025-05-01 16:31:55 - Generated refund link: refund.php?order_id=ORD-6813356FBBE63
2025-05-01 16:31:55 - Generated refund link: refund.php?order_id=ORD-68133254354AA
2025-05-01 16:31:55 - Generated refund link: refund.php?order_id=ORD-6813323CD29F6
2025-05-01 16:31:58 - Customer ID in session: 1
2025-05-01 16:31:58 - Generated refund link: refund.php?order_id=ORD-6813356FBBE63
2025-05-01 16:31:58 - Generated refund link: refund.php?order_id=ORD-68133254354AA
2025-05-01 16:31:58 - Generated refund link: refund.php?order_id=ORD-6813323CD29F6
2025-05-01 16:31:59 - Customer ID in session: 1
2025-05-01 16:31:59 - Generated refund link: refund.php?order_id=ORD-6813356FBBE63
2025-05-01 16:31:59 - Generated refund link: refund.php?order_id=ORD-68133254354AA
2025-05-01 16:31:59 - Generated refund link: refund.php?order_id=ORD-6813323CD29F6
