2025-05-01 18:18:17 - Customer ID: 1
2025-05-01 18:18:17 - Item: Classic Onion Burger, Photo Path: /Online-Fast-Food/Admin/Manage_Menu_Item/uploads/67f53fc11969d.jpg
2025-05-01 18:18:17 - Cart items: [{"item_id":1,"quantity":2,"price":"12.00","item_name":"Classic Onion Burger","photo":"uploads\/67f53fc11969d.jpg","category":"burger"}]
2025-05-01 18:18:17 - Calculated total: 24
2025-05-01 18:18:23 - Customer ID: 1
2025-05-01 18:18:23 - Item: Classic Onion Burger, Photo Path: /Online-Fast-Food/Admin/Manage_Menu_Item/uploads/67f53fc11969d.jpg
2025-05-01 18:18:23 - Cart items: [{"item_id":1,"quantity":2,"price":"12.00","item_name":"Classic Onion Burger","photo":"uploads\/67f53fc11969d.jpg","category":"burger"}]
2025-05-01 18:18:23 - Calculated total: 24
2025-05-01 18:18:23 - Received make_payment request: {"csrf_token":"c4fa8ec2878c31b0e73353219677473b625f20b48dcceb073c85cb19e1c8e75e","delivery_method":"pickup","delivery_address":"","payment_method_id":"17","method":"online_banking","amount":"24","make_payment":"1"}
2025-05-01 18:18:23 - Received amount: 24, Expected total: 24
2025-05-01 18:18:23 - Delivery method: pickup, Delivery address: N/A
2025-05-01 18:18:23 - Payment method: online_banking, Payment method ID: 17
2025-05-01 18:18:23 - Generated order_id: ORD-68139ECFB5170
2025-05-01 18:18:23 - Current database: brizo
2025-05-01 18:18:23 - Table 'orders' exists: Yes
2025-05-01 18:18:23 - Columns in 'orders' table: ["id","order_id","customer_id","items","total","status","created_at"]
2025-05-01 18:18:23 - Executing SQL for orders insert: 
            INSERT INTO orders (order_id, customer_id, items, total, status, created_at)
            VALUES (?, ?, ?, ?, 'pending', NOW())
        
2025-05-01 18:18:23 - Inserting order_item: order_id=ORD-68139ECFB5170, item_id=1, quantity=2, price=12.00
2025-05-01 18:18:23 - Payment successful: order_id=ORD-68139ECFB5170
2025-05-01 18:18:26 - Customer ID: 1
2025-05-01 18:18:26 - Cart items: []
2025-05-01 18:18:26 - Calculated total: 0
2025-05-01 18:21:51 - Customer ID: 1
2025-05-01 18:21:51 - Cart items: []
2025-05-01 18:21:51 - Calculated total: 0
2025-05-01 18:21:59 - Customer ID: 1
2025-05-01 18:21:59 - Item: Crispy Chicken Burger, Photo Path: /Online-Fast-Food/Admin/Manage_Menu_Item/uploads/67f7403a6e20b.jpg
2025-05-01 18:21:59 - Cart items: [{"item_id":2,"quantity":1,"price":"14.00","item_name":"Crispy Chicken Burger","photo":"uploads\/67f7403a6e20b.jpg","category":"burger"}]
2025-05-01 18:21:59 - Calculated total: 14
2025-05-01 18:22:10 - Customer ID: 1
2025-05-01 18:22:10 - Item: Crispy Chicken Burger, Photo Path: /Online-Fast-Food/Admin/Manage_Menu_Item/uploads/67f7403a6e20b.jpg
2025-05-01 18:22:10 - Cart items: [{"item_id":2,"quantity":1,"price":"14.00","item_name":"Crispy Chicken Burger","photo":"uploads\/67f7403a6e20b.jpg","category":"burger"}]
2025-05-01 18:22:10 - Calculated total: 14
