2025-06-13 23:29:33 - Delete payment method request: {&#34;delete_payment_method&#34;:&#34;1&#34;,&#34;payment_method_id&#34;:&#34;2&#34;,&#34;csrf_token&#34;:&#34;9d924cb6bafd76eb53ce2db7d4458d1fa51f972294298cd2435995bb0f67ecb0&#34;}
2025-06-13 23:29:33 - Payment method ID 2 deleted successfully
2025-06-13 23:30:02 - Add payment method request: {&#34;csrf_token&#34;:&#34;9d924cb6bafd76eb53ce2db7d4458d1fa51f972294298cd2435995bb0f67ecb0&#34;,&#34;method_type&#34;:&#34;digital_wallet&#34;,&#34;card_type&#34;:&#34;visa&#34;,&#34;card_number&#34;:&#34;&#34;,&#34;expiry_date&#34;:&#34;&#34;,&#34;cvv&#34;:&#34;&#34;,&#34;card_name&#34;:&#34;&#34;,&#34;bank_name&#34;:&#34;&#34;,&#34;wallet_type&#34;:&#34;tng&#34;,&#34;phone_number&#34;:&#34;01111126145&#34;,&#34;add_payment_method&#34;:&#34;1&#34;}
2025-06-13 23:30:02 - Adding digital wallet - Wallet Type: tng, Phone Number: 01111126145
2025-06-13 23:30:02 - Payment method added successfully: ID 13, method_type=digital_wallet
2025-06-14 15:19:02 - Delete payment method request: {&#34;delete_payment_method&#34;:&#34;1&#34;,&#34;payment_method_id&#34;:&#34;3&#34;,&#34;csrf_token&#34;:&#34;ce0dbb756e33ece1947c4a71c77eb197a1230bf8c2475e907af459537021a5c7&#34;}
2025-06-14 15:19:02 - Payment method ID 3 deleted successfully
2025-06-14 15:19:04 - Delete payment method request: {&#34;delete_payment_method&#34;:&#34;1&#34;,&#34;payment_method_id&#34;:&#34;6&#34;,&#34;csrf_token&#34;:&#34;ce0dbb756e33ece1947c4a71c77eb197a1230bf8c2475e907af459537021a5c7&#34;}
2025-06-14 15:19:04 - Payment method ID 6 deleted successfully
2025-06-14 15:19:14 - Delete payment method request: {&#34;delete_payment_method&#34;:&#34;1&#34;,&#34;payment_method_id&#34;:&#34;4&#34;,&#34;csrf_token&#34;:&#34;ce0dbb756e33ece1947c4a71c77eb197a1230bf8c2475e907af459537021a5c7&#34;}
2025-06-14 15:19:14 - Payment method ID 4 deleted successfully
2025-06-14 15:19:17 - Delete payment method request: {&#34;delete_payment_method&#34;:&#34;1&#34;,&#34;payment_method_id&#34;:&#34;8&#34;,&#34;csrf_token&#34;:&#34;ce0dbb756e33ece1947c4a71c77eb197a1230bf8c2475e907af459537021a5c7&#34;}
2025-06-14 15:19:17 - Payment method ID 8 deleted successfully
2025-06-14 15:19:19 - Delete payment method request: {&#34;delete_payment_method&#34;:&#34;1&#34;,&#34;payment_method_id&#34;:&#34;9&#34;,&#34;csrf_token&#34;:&#34;ce0dbb756e33ece1947c4a71c77eb197a1230bf8c2475e907af459537021a5c7&#34;}
2025-06-14 15:19:19 - Payment method ID 9 deleted successfully
2025-06-14 15:19:26 - Delete payment method request: {&#34;delete_payment_method&#34;:&#34;1&#34;,&#34;payment_method_id&#34;:&#34;11&#34;,&#34;csrf_token&#34;:&#34;ce0dbb756e33ece1947c4a71c77eb197a1230bf8c2475e907af459537021a5c7&#34;}
2025-06-14 15:19:26 - Payment method ID 11 deleted successfully
2025-06-14 15:19:29 - Delete payment method request: {&#34;delete_payment_method&#34;:&#34;1&#34;,&#34;payment_method_id&#34;:&#34;13&#34;,&#34;csrf_token&#34;:&#34;ce0dbb756e33ece1947c4a71c77eb197a1230bf8c2475e907af459537021a5c7&#34;}
2025-06-14 15:19:29 - Payment method ID 13 deleted successfully
2025-06-27 04:40:47 - Add payment method request: {&#34;csrf_token&#34;:&#34;e83d0eef932823486d47cd9783082a679433acf890ace757981b42fe83cc7990&#34;,&#34;method_type&#34;:&#34;online_banking&#34;,&#34;card_type&#34;:&#34;&#34;,&#34;card_number&#34;:&#34;&#34;,&#34;expiry_date&#34;:&#34;&#34;,&#34;cvv&#34;:&#34;&#34;,&#34;card_name&#34;:&#34;&#34;,&#34;bank_name&#34;:&#34;uob&#34;,&#34;wallet_type&#34;:&#34;&#34;,&#34;phone_number&#34;:&#34;&#34;,&#34;add_payment_method&#34;:&#34;1&#34;}
2025-06-27 04:40:47 - Payment method added successfully: ID 6, method_type=online_banking
2025-06-27 04:41:23 - Add payment method request: {&#34;csrf_token&#34;:&#34;e83d0eef932823486d47cd9783082a679433acf890ace757981b42fe83cc7990&#34;,&#34;method_type&#34;:&#34;online_banking&#34;,&#34;card_type&#34;:&#34;&#34;,&#34;card_number&#34;:&#34;&#34;,&#34;expiry_date&#34;:&#34;&#34;,&#34;cvv&#34;:&#34;&#34;,&#34;card_name&#34;:&#34;&#34;,&#34;bank_name&#34;:&#34;publicbank&#34;,&#34;wallet_type&#34;:&#34;&#34;,&#34;phone_number&#34;:&#34;&#34;,&#34;add_payment_method&#34;:&#34;1&#34;}
2025-06-27 04:41:23 - Payment method added successfully: ID 7, method_type=online_banking
