2025-05-01 11:13:50 - No order_id provided, redirecting to payment_history.php
2025-05-01 11:15:16 - Database error: Unknown column 'ph.method_type' in 'field list'
2025-05-01 11:15:17 - Database error: Unknown column 'ph.method_type' in 'field list'
2025-05-01 11:15:18 - Database error: Unknown column 'ph.method_type' in 'field list'
2025-05-01 11:31:55 - No order_id provided, redirecting to payment_history.php
2025-05-01 11:36:34 - No order_id provided, redirecting to payment_history.php
2025-05-01 15:41:45 - No order_id provided, redirecting to payment_history.php
2025-05-01 15:55:33 - Fetched items for order_id: ORD-68137C1B55D30 - [{"item_id":3,"quantity":2,"price":"15.00","item_name":"Charcoal-grilled burger","photo":"uploads\/67f7498decaa2.jpg"},{"item_id":1,"quantity":2,"price":"12.00","item_name":"Classic Onion Burger","photo":"uploads\/67f53fc11969d.jpg"},{"item_id":2,"quantity":2,"price":"14.00","item_name":"Crispy Chicken Burger","photo":"uploads\/67f7403a6e20b.jpg"},{"item_id":6,"quantity":2,"price":"2.50","item_name":"Coke (Soft Drink)","photo":"uploads\/67f74af6740d1.png"},{"item_id":8,"quantity":2,"price":"3.00","item_name":"Iced Lemon Tea","photo":"uploads\/67f88981a15cb.png"},{"item_id":7,"quantity":2,"price":"2.50","item_name":"Sprite (Soft Drink)","photo":"uploads\/67f74ac2d2f20.jpg"}]
2025-05-01 16:05:37 - Fetched items for order_id: ORD-68137C1B55D30 - [{"item_id":3,"quantity":2,"price":"15.00","item_name":"Charcoal-grilled burger","photo":"uploads\/67f7498decaa2.jpg"},{"item_id":1,"quantity":2,"price":"12.00","item_name":"Classic Onion Burger","photo":"uploads\/67f53fc11969d.jpg"},{"item_id":2,"quantity":2,"price":"14.00","item_name":"Crispy Chicken Burger","photo":"uploads\/67f7403a6e20b.jpg"},{"item_id":6,"quantity":2,"price":"2.50","item_name":"Coke (Soft Drink)","photo":"uploads\/67f74af6740d1.png"},{"item_id":8,"quantity":2,"price":"3.00","item_name":"Iced Lemon Tea","photo":"uploads\/67f88981a15cb.png"},{"item_id":7,"quantity":2,"price":"2.50","item_name":"Sprite (Soft Drink)","photo":"uploads\/67f74ac2d2f20.jpg"}]
2025-05-01 16:09:58 - Fetched items for order_id: ORD-68137C1B55D30 - [{"item_id":3,"quantity":2,"price":"15.00","item_name":"Charcoal-grilled burger","photo":"uploads\/67f7498decaa2.jpg"},{"item_id":1,"quantity":2,"price":"12.00","item_name":"Classic Onion Burger","photo":"uploads\/67f53fc11969d.jpg"},{"item_id":2,"quantity":2,"price":"14.00","item_name":"Crispy Chicken Burger","photo":"uploads\/67f7403a6e20b.jpg"},{"item_id":6,"quantity":2,"price":"2.50","item_name":"Coke (Soft Drink)","photo":"uploads\/67f74af6740d1.png"},{"item_id":8,"quantity":2,"price":"3.00","item_name":"Iced Lemon Tea","photo":"uploads\/67f88981a15cb.png"},{"item_id":7,"quantity":2,"price":"2.50","item_name":"Sprite (Soft Drink)","photo":"uploads\/67f74ac2d2f20.jpg"}]
2025-05-01 16:10:15 - Fetched items for order_id: ORD-68137C1B55D30 - [{"item_id":3,"quantity":2,"price":"15.00","item_name":"Charcoal-grilled burger","photo":"uploads\/67f7498decaa2.jpg"},{"item_id":1,"quantity":2,"price":"12.00","item_name":"Classic Onion Burger","photo":"uploads\/67f53fc11969d.jpg"},{"item_id":2,"quantity":2,"price":"14.00","item_name":"Crispy Chicken Burger","photo":"uploads\/67f7403a6e20b.jpg"},{"item_id":6,"quantity":2,"price":"2.50","item_name":"Coke (Soft Drink)","photo":"uploads\/67f74af6740d1.png"},{"item_id":8,"quantity":2,"price":"3.00","item_name":"Iced Lemon Tea","photo":"uploads\/67f88981a15cb.png"},{"item_id":7,"quantity":2,"price":"2.50","item_name":"Sprite (Soft Drink)","photo":"uploads\/67f74ac2d2f20.jpg"}]
2025-05-01 16:22:23 - Request received: POST
2025-05-01 16:22:23 - Fetched items for order_id: ORD-68137C1B55D30 - [{"item_id":3,"quantity":2,"price":"15.00","item_name":"Charcoal-grilled burger","photo":"uploads\/67f7498decaa2.jpg"},{"item_id":1,"quantity":2,"price":"12.00","item_name":"Classic Onion Burger","photo":"uploads\/67f53fc11969d.jpg"},{"item_id":2,"quantity":2,"price":"14.00","item_name":"Crispy Chicken Burger","photo":"uploads\/67f7403a6e20b.jpg"},{"item_id":6,"quantity":2,"price":"2.50","item_name":"Coke (Soft Drink)","photo":"uploads\/67f74af6740d1.png"},{"item_id":8,"quantity":2,"price":"3.00","item_name":"Iced Lemon Tea","photo":"uploads\/67f88981a15cb.png"},{"item_id":7,"quantity":2,"price":"2.50","item_name":"Sprite (Soft Drink)","photo":"uploads\/67f74ac2d2f20.jpg"}]
2025-05-01 16:22:23 - POST request received
2025-05-01 16:22:23 - Submit refund button not clicked
2025-05-01 16:22:29 - Request received: POST
2025-05-01 16:22:29 - Fetched items for order_id: ORD-68137C1B55D30 - [{"item_id":3,"quantity":2,"price":"15.00","item_name":"Charcoal-grilled burger","photo":"uploads\/67f7498decaa2.jpg"},{"item_id":1,"quantity":2,"price":"12.00","item_name":"Classic Onion Burger","photo":"uploads\/67f53fc11969d.jpg"},{"item_id":2,"quantity":2,"price":"14.00","item_name":"Crispy Chicken Burger","photo":"uploads\/67f7403a6e20b.jpg"},{"item_id":6,"quantity":2,"price":"2.50","item_name":"Coke (Soft Drink)","photo":"uploads\/67f74af6740d1.png"},{"item_id":8,"quantity":2,"price":"3.00","item_name":"Iced Lemon Tea","photo":"uploads\/67f88981a15cb.png"},{"item_id":7,"quantity":2,"price":"2.50","item_name":"Sprite (Soft Drink)","photo":"uploads\/67f74ac2d2f20.jpg"}]
2025-05-01 16:22:29 - POST request received
2025-05-01 16:22:29 - Submit refund button clicked
2025-05-01 16:22:29 - CSRF token validated
2025-05-01 16:22:29 - Submitted data: reason=wrong-item, details=asdjkhngfkjfghkjs
2025-05-01 16:22:29 - Validation passed, attempting to insert
2025-05-01 16:22:29 - Refund request submitted for order_id: ORD-68137C1B55D30
2025-05-01 16:31:38 - Request received: POST
2025-05-01 16:31:38 - Existing refund request for order_id: ORD-68137C1B55D30
2025-05-01 16:31:43 - Request received: GET
2025-05-01 16:31:43 - Fetched items for order_id: ORD-6813356FBBE63 - [{"item_id":3,"quantity":1,"price":"15.00","item_name":"Charcoal-grilled burger","photo":"uploads\/67f7498decaa2.jpg"}]
2025-05-01 16:31:53 - Request received: GET
2025-05-01 16:31:53 - Fetched items for order_id: ORD-6813356FBBE63 - [{"item_id":3,"quantity":1,"price":"15.00","item_name":"Charcoal-grilled burger","photo":"uploads\/67f7498decaa2.jpg"}]
2025-05-01 16:31:58 - Request received: GET
2025-05-01 16:31:58 - Existing refund request for order_id: ORD-68137C1B55D30
